

================================================================
== Vitis HLS Report for 'softmax_top_Pipeline_VITIS_LOOP_21_1'
================================================================
* Date:           Tue Mar  3 21:36:54 2026

* Version:        2023.2 (Build 4023990 on Oct 11 2023)
* Project:        softmax_design3
* Solution:       solution (Vitis Kernel Flow Target)
* Product family: zynquplus
* Target device:  xck26-sfvc784-2LV-c


================================================================
== Performance Estimates
================================================================
+ Timing: 
    * Summary: 
    +--------+---------+----------+------------+
    |  Clock |  Target | Estimated| Uncertainty|
    +--------+---------+----------+------------+
    |ap_clk  |  4.00 ns|  2.920 ns|     1.08 ns|
    +--------+---------+----------+------------+

+ Latency: 
    * Summary: 
    +---------+---------+----------+----------+-----+-----+---------+
    |  Latency (cycles) |  Latency (absolute) |  Interval | Pipeline|
    |   min   |   max   |    min   |    max   | min | max |   Type  |
    +---------+---------+----------+----------+-----+-----+---------+
    |      723|      723|  2.892 us|  2.892 us|  723|  723|       no|
    +---------+---------+----------+----------+-----+-----+---------+

    + Detail: 
        * Instance: 
        N/A

        * Loop: 
        +-------------------+---------+---------+----------+-----------+-----------+------+----------+
        |                   |  Latency (cycles) | Iteration|  Initiation Interval  | Trip |          |
        |     Loop Name     |   min   |   max   |  Latency |  achieved |   target  | Count| Pipelined|
        +-------------------+---------+---------+----------+-----------+-----------+------+----------+
        |- VITIS_LOOP_21_1  |      721|      721|        29|          7|          1|   100|       yes|
        +-------------------+---------+---------+----------+-----------+-----------+------+----------+



================================================================
== Utilization Estimates
================================================================
* Summary: 
+-----------------+---------+------+--------+--------+-----+
|       Name      | BRAM_18K|  DSP |   FF   |   LUT  | URAM|
+-----------------+---------+------+--------+--------+-----+
|DSP              |        -|     -|       -|       -|    -|
|Expression       |        -|     -|       0|      47|    -|
|FIFO             |        -|     -|       -|       -|    -|
|Instance         |        -|     7|     850|    1419|    -|
|Memory           |        -|     -|       -|       -|    -|
|Multiplexer      |        -|     -|       -|     169|    -|
|Register         |        -|     -|     640|      96|    -|
+-----------------+---------+------+--------+--------+-----+
|Total            |        0|     7|    1490|    1731|    0|
+-----------------+---------+------+--------+--------+-----+
|Available        |      288|  1248|  234240|  117120|   64|
+-----------------+---------+------+--------+--------+-----+
|Utilization (%)  |        0|    ~0|      ~0|       1|    0|
+-----------------+---------+------+--------+--------+-----+

+ Detail: 
    * Instance: 
    +------------------------------------+---------------------------------+---------+----+-----+------+-----+
    |              Instance              |              Module             | BRAM_18K| DSP|  FF |  LUT | URAM|
    +------------------------------------+---------------------------------+---------+----+-----+------+-----+
    |fadd_32ns_32ns_32_8_no_dsp_1_U1     |fadd_32ns_32ns_32_8_no_dsp_1     |        0|   0|  374|   376|    0|
    |fexp_32ns_32ns_32_18_full_dsp_1_U2  |fexp_32ns_32ns_32_18_full_dsp_1  |        0|   7|  476|  1043|    0|
    +------------------------------------+---------------------------------+---------+----+-----+------+-----+
    |Total                               |                                 |        0|   7|  850|  1419|    0|
    +------------------------------------+---------------------------------+---------+----+-----+------+-----+

    * DSP: 
    N/A

    * Memory: 
    N/A

    * FIFO: 
    N/A

    * Expression: 
    +----------------------------------+----------+----+---+----+------------+------------+
    |           Variable Name          | Operation| DSP| FF| LUT| Bitwidth P0| Bitwidth P1|
    +----------------------------------+----------+----+---+----+------------+------------+
    |add_ln21_fu_212_p2                |         +|   0|  0|  14|           7|           1|
    |ap_block_pp0_stage1_11001         |       and|   0|  0|   2|           1|           1|
    |ap_block_state2_pp0_stage1_iter0  |       and|   0|  0|   2|           1|           1|
    |ap_condition_493                  |       and|   0|  0|   2|           1|           1|
    |ap_predicate_op53_read_state2     |       and|   0|  0|   2|           1|           1|
    |icmp_ln21_fu_206_p2               |      icmp|   0|  0|  14|           7|           6|
    |icmp_ln23_fu_232_p2               |      icmp|   0|  0|   9|           2|           1|
    |ap_enable_pp0                     |       xor|   0|  0|   2|           1|           2|
    +----------------------------------+----------+----+---+----+------------+------------+
    |Total                             |          |   0|  0|  47|          21|          14|
    +----------------------------------+----------+----+---+----+------------+------------+

    * Multiplexer: 
    +------------------------------------+----+-----------+-----+-----------+
    |                Name                | LUT| Input Size| Bits| Total Bits|
    +------------------------------------+----+-----------+-----+-----------+
    |ap_NS_fsm                           |  43|          8|    1|          8|
    |ap_done_int                         |   9|          2|    1|          2|
    |ap_enable_reg_pp0_iter0             |   9|          2|    1|          2|
    |ap_enable_reg_pp0_iter1             |   9|          2|    1|          2|
    |ap_enable_reg_pp0_iter4             |   9|          2|    1|          2|
    |ap_loop_exit_ready_pp0_iter1_reg    |   9|          2|    1|          2|
    |ap_loop_exit_ready_pp0_iter2_reg    |   9|          2|    1|          2|
    |ap_loop_exit_ready_pp0_iter3_reg    |   9|          2|    1|          2|
    |ap_phi_reg_pp0_iter0_empty_reg_166  |   9|          2|  128|        256|
    |ap_sig_allocacmp_i_2                |   9|          2|    7|         14|
    |ap_sig_allocacmp_sum_load           |   9|          2|   32|         64|
    |gmem_blk_n_R                        |   9|          2|    1|          2|
    |i_fu_92                             |   9|          2|    7|         14|
    |shiftreg_fu_84                      |   9|          2|   96|        192|
    |sum_fu_88                           |   9|          2|   32|         64|
    +------------------------------------+----+-----------+-----+-----------+
    |Total                               | 169|         36|  311|        628|
    +------------------------------------+----+-----------+-----+-----------+

    * Register: 
    +------------------------------------+-----+----+-----+-----------+
    |                Name                |  FF | LUT| Bits| Const Bits|
    +------------------------------------+-----+----+-----+-----------+
    |ap_CS_fsm                           |    7|   0|    7|          0|
    |ap_done_reg                         |    1|   0|    1|          0|
    |ap_enable_reg_pp0_iter0_reg         |    1|   0|    1|          0|
    |ap_enable_reg_pp0_iter1             |    1|   0|    1|          0|
    |ap_enable_reg_pp0_iter2             |    1|   0|    1|          0|
    |ap_enable_reg_pp0_iter3             |    1|   0|    1|          0|
    |ap_enable_reg_pp0_iter4             |    1|   0|    1|          0|
    |ap_loop_exit_ready_pp0_iter1_reg    |    1|   0|    1|          0|
    |ap_loop_exit_ready_pp0_iter2_reg    |    1|   0|    1|          0|
    |ap_loop_exit_ready_pp0_iter3_reg    |    1|   0|    1|          0|
    |ap_phi_reg_pp0_iter0_empty_reg_166  |  128|   0|  128|          0|
    |gmem_addr_read_reg_344              |  128|   0|  128|          0|
    |i_fu_92                             |    7|   0|    7|          0|
    |icmp_ln21_reg_327                   |    1|   0|    1|          0|
    |icmp_ln23_reg_340                   |    1|   0|    1|          0|
    |lshr_ln_reg_335                     |    5|   0|    5|          0|
    |shiftreg_fu_84                      |   96|   0|   96|          0|
    |sum_fu_88                           |   32|   0|   32|          0|
    |tmp_reg_359                         |   32|   0|   32|          0|
    |trunc_ln21_reg_331                  |    2|   0|    2|          0|
    |icmp_ln21_reg_327                   |   64|  32|    1|          0|
    |lshr_ln_reg_335                     |   64|  32|    5|          0|
    |trunc_ln21_reg_331                  |   64|  32|    2|          0|
    +------------------------------------+-----+----+-----+-----------+
    |Total                               |  640|  96|  456|          0|
    +------------------------------------+-----+----+-----+-----------+



================================================================
== Interface
================================================================
* Summary: 
+-----------------------+-----+-----+------------+--------------------------------------+--------------+
|       RTL Ports       | Dir | Bits|  Protocol  |             Source Object            |    C Type    |
+-----------------------+-----+-----+------------+--------------------------------------+--------------+
|ap_clk                 |   in|    1|  ap_ctrl_hs|  softmax_top_Pipeline_VITIS_LOOP_21_1|  return value|
|ap_rst                 |   in|    1|  ap_ctrl_hs|  softmax_top_Pipeline_VITIS_LOOP_21_1|  return value|
|ap_start               |   in|    1|  ap_ctrl_hs|  softmax_top_Pipeline_VITIS_LOOP_21_1|  return value|
|ap_done                |  out|    1|  ap_ctrl_hs|  softmax_top_Pipeline_VITIS_LOOP_21_1|  return value|
|ap_idle                |  out|    1|  ap_ctrl_hs|  softmax_top_Pipeline_VITIS_LOOP_21_1|  return value|
|ap_ready               |  out|    1|  ap_ctrl_hs|  softmax_top_Pipeline_VITIS_LOOP_21_1|  return value|
|m_axi_gmem_AWVALID     |  out|    1|       m_axi|                                  gmem|       pointer|
|m_axi_gmem_AWREADY     |   in|    1|       m_axi|                                  gmem|       pointer|
|m_axi_gmem_AWADDR      |  out|   64|       m_axi|                                  gmem|       pointer|
|m_axi_gmem_AWID        |  out|    1|       m_axi|                                  gmem|       pointer|
|m_axi_gmem_AWLEN       |  out|   32|       m_axi|                                  gmem|       pointer|
|m_axi_gmem_AWSIZE      |  out|    3|       m_axi|                                  gmem|       pointer|
|m_axi_gmem_AWBURST     |  out|    2|       m_axi|                                  gmem|       pointer|
|m_axi_gmem_AWLOCK      |  out|    2|       m_axi|                                  gmem|       pointer|
|m_axi_gmem_AWCACHE     |  out|    4|       m_axi|                                  gmem|       pointer|
|m_axi_gmem_AWPROT      |  out|    3|       m_axi|                                  gmem|       pointer|
|m_axi_gmem_AWQOS       |  out|    4|       m_axi|                                  gmem|       pointer|
|m_axi_gmem_AWREGION    |  out|    4|       m_axi|                                  gmem|       pointer|
|m_axi_gmem_AWUSER      |  out|    1|       m_axi|                                  gmem|       pointer|
|m_axi_gmem_WVALID      |  out|    1|       m_axi|                                  gmem|       pointer|
|m_axi_gmem_WREADY      |   in|    1|       m_axi|                                  gmem|       pointer|
|m_axi_gmem_WDATA       |  out|  128|       m_axi|                                  gmem|       pointer|
|m_axi_gmem_WSTRB       |  out|   16|       m_axi|                                  gmem|       pointer|
|m_axi_gmem_WLAST       |  out|    1|       m_axi|                                  gmem|       pointer|
|m_axi_gmem_WID         |  out|    1|       m_axi|                                  gmem|       pointer|
|m_axi_gmem_WUSER       |  out|    1|       m_axi|                                  gmem|       pointer|
|m_axi_gmem_ARVALID     |  out|    1|       m_axi|                                  gmem|       pointer|
|m_axi_gmem_ARREADY     |   in|    1|       m_axi|                                  gmem|       pointer|
|m_axi_gmem_ARADDR      |  out|   64|       m_axi|                                  gmem|       pointer|
|m_axi_gmem_ARID        |  out|    1|       m_axi|                                  gmem|       pointer|
|m_axi_gmem_ARLEN       |  out|   32|       m_axi|                                  gmem|       pointer|
|m_axi_gmem_ARSIZE      |  out|    3|       m_axi|                                  gmem|       pointer|
|m_axi_gmem_ARBURST     |  out|    2|       m_axi|                                  gmem|       pointer|
|m_axi_gmem_ARLOCK      |  out|    2|       m_axi|                                  gmem|       pointer|
|m_axi_gmem_ARCACHE     |  out|    4|       m_axi|                                  gmem|       pointer|
|m_axi_gmem_ARPROT      |  out|    3|       m_axi|                                  gmem|       pointer|
|m_axi_gmem_ARQOS       |  out|    4|       m_axi|                                  gmem|       pointer|
|m_axi_gmem_ARREGION    |  out|    4|       m_axi|                                  gmem|       pointer|
|m_axi_gmem_ARUSER      |  out|    1|       m_axi|                                  gmem|       pointer|
|m_axi_gmem_RVALID      |   in|    1|       m_axi|                                  gmem|       pointer|
|m_axi_gmem_RREADY      |  out|    1|       m_axi|                                  gmem|       pointer|
|m_axi_gmem_RDATA       |   in|  128|       m_axi|                                  gmem|       pointer|
|m_axi_gmem_RLAST       |   in|    1|       m_axi|                                  gmem|       pointer|
|m_axi_gmem_RID         |   in|    1|       m_axi|                                  gmem|       pointer|
|m_axi_gmem_RFIFONUM    |   in|    9|       m_axi|                                  gmem|       pointer|
|m_axi_gmem_RUSER       |   in|    1|       m_axi|                                  gmem|       pointer|
|m_axi_gmem_RRESP       |   in|    2|       m_axi|                                  gmem|       pointer|
|m_axi_gmem_BVALID      |   in|    1|       m_axi|                                  gmem|       pointer|
|m_axi_gmem_BREADY      |  out|    1|       m_axi|                                  gmem|       pointer|
|m_axi_gmem_BRESP       |   in|    2|       m_axi|                                  gmem|       pointer|
|m_axi_gmem_BID         |   in|    1|       m_axi|                                  gmem|       pointer|
|m_axi_gmem_BUSER       |   in|    1|       m_axi|                                  gmem|       pointer|
|exp_buffer_address0    |  out|    5|   ap_memory|                            exp_buffer|         array|
|exp_buffer_ce0         |  out|    1|   ap_memory|                            exp_buffer|         array|
|exp_buffer_we0         |  out|    1|   ap_memory|                            exp_buffer|         array|
|exp_buffer_d0          |  out|   32|   ap_memory|                            exp_buffer|         array|
|exp_buffer_1_address0  |  out|    5|   ap_memory|                          exp_buffer_1|         array|
|exp_buffer_1_ce0       |  out|    1|   ap_memory|                          exp_buffer_1|         array|
|exp_buffer_1_we0       |  out|    1|   ap_memory|                          exp_buffer_1|         array|
|exp_buffer_1_d0        |  out|   32|   ap_memory|                          exp_buffer_1|         array|
|exp_buffer_2_address0  |  out|    5|   ap_memory|                          exp_buffer_2|         array|
|exp_buffer_2_ce0       |  out|    1|   ap_memory|                          exp_buffer_2|         array|
|exp_buffer_2_we0       |  out|    1|   ap_memory|                          exp_buffer_2|         array|
|exp_buffer_2_d0        |  out|   32|   ap_memory|                          exp_buffer_2|         array|
|exp_buffer_3_address0  |  out|    5|   ap_memory|                          exp_buffer_3|         array|
|exp_buffer_3_ce0       |  out|    1|   ap_memory|                          exp_buffer_3|         array|
|exp_buffer_3_we0       |  out|    1|   ap_memory|                          exp_buffer_3|         array|
|exp_buffer_3_d0        |  out|   32|   ap_memory|                          exp_buffer_3|         array|
|sext_ln21              |   in|   60|     ap_none|                             sext_ln21|        scalar|
|sum_out                |  out|   32|      ap_vld|                               sum_out|       pointer|
|sum_out_ap_vld         |  out|    1|      ap_vld|                               sum_out|       pointer|
+-----------------------+-----+-----+------------+--------------------------------------+--------------+

