

================================================================
== Vitis HLS Report for 'softmax_top_Pipeline_VITIS_LOOP_28_2'
================================================================
* Date:           Tue Mar  3 21:36:54 2026

* Version:        2023.2 (Build 4023990 on Oct 11 2023)
* Project:        softmax_design3
* Solution:       solution (Vitis Kernel Flow Target)
* Product family: zynquplus
* Target device:  xck26-sfvc784-2LV-c


================================================================
== Performance Estimates
================================================================
+ Timing: 
    * Summary: 
    +--------+---------+----------+------------+
    |  Clock |  Target | Estimated| Uncertainty|
    +--------+---------+----------+------------+
    |ap_clk  |  4.00 ns|  2.920 ns|     1.08 ns|
    +--------+---------+----------+------------+

+ Latency: 
    * Summary: 
    +---------+---------+----------+----------+-----+-----+---------+
    |  Latency (cycles) |  Latency (absolute) |  Interval | Pipeline|
    |   min   |   max   |    min   |    max   | min | max |   Type  |
    +---------+---------+----------+----------+-----+-----+---------+
    |       57|       57|  0.228 us|  0.228 us|   57|   57|       no|
    +---------+---------+----------+----------+-----+-----+---------+

    + Detail: 
        * Instance: 
        N/A

        * Loop: 
        +-------------------+---------+---------+----------+-----------+-----------+------+----------+
        |                   |  Latency (cycles) | Iteration|  Initiation Interval  | Trip |          |
        |     Loop Name     |   min   |   max   |  Latency |  achieved |   target  | Count| Pipelined|
        +-------------------+---------+---------+----------+-----------+-----------+------+----------+
        |- VITIS_LOOP_28_2  |       55|       55|        32|          1|          1|    25|       yes|
        +-------------------+---------+---------+----------+-----------+-----------+------+----------+



================================================================
== Utilization Estimates
================================================================
* Summary: 
+-----------------+---------+------+--------+--------+-----+
|       Name      | BRAM_18K|  DSP |   FF   |   LUT  | URAM|
+-----------------+---------+------+--------+--------+-----+
|DSP              |        -|     -|       -|       -|    -|
|Expression       |        -|     -|       0|      32|    -|
|FIFO             |        -|     -|       -|       -|    -|
|Instance         |        -|     -|       -|       -|    -|
|Memory           |        -|     -|       -|       -|    -|
|Multiplexer      |        -|     -|       -|      45|    -|
|Register         |        -|     -|     326|       -|    -|
+-----------------+---------+------+--------+--------+-----+
|Total            |        0|     0|     326|      77|    0|
+-----------------+---------+------+--------+--------+-----+
|Available        |      288|  1248|  234240|  117120|   64|
+-----------------+---------+------+--------+--------+-----+
|Utilization (%)  |        0|     0|      ~0|      ~0|    0|
+-----------------+---------+------+--------+--------+-----+

+ Detail: 
    * Instance: 
    +-----------------------------------+-------------------------------+---------+----+---+----+-----+
    |              Instance             |             Module            | BRAM_18K| DSP| FF| LUT| URAM|
    +-----------------------------------+-------------------------------+---------+----+---+----+-----+
    |fdiv_32ns_32ns_32_29_no_dsp_1_U12  |fdiv_32ns_32ns_32_29_no_dsp_1  |        0|   0|  0|   0|    0|
    |fdiv_32ns_32ns_32_29_no_dsp_1_U13  |fdiv_32ns_32ns_32_29_no_dsp_1  |        0|   0|  0|   0|    0|
    |fdiv_32ns_32ns_32_29_no_dsp_1_U14  |fdiv_32ns_32ns_32_29_no_dsp_1  |        0|   0|  0|   0|    0|
    |fdiv_32ns_32ns_32_29_no_dsp_1_U15  |fdiv_32ns_32ns_32_29_no_dsp_1  |        0|   0|  0|   0|    0|
    +-----------------------------------+-------------------------------+---------+----+---+----+-----+
    |Total                              |                               |        0|   0|  0|   0|    0|
    +-----------------------------------+-------------------------------+---------+----+---+----+-----+

    * DSP: 
    N/A

    * Memory: 
    N/A

    * FIFO: 
    N/A

    * Expression: 
    +---------------------------+----------+----+---+----+------------+------------+
    |       Variable Name       | Operation| DSP| FF| LUT| Bitwidth P0| Bitwidth P1|
    +---------------------------+----------+----+---+----+------------+------------+
    |add_ln28_fu_198_p2         |         +|   0|  0|  14|           7|           3|
    |ap_block_pp0_stage0_11001  |       and|   0|  0|   2|           1|           1|
    |icmp_ln28_fu_174_p2        |      icmp|   0|  0|  14|           7|           6|
    |ap_enable_pp0              |       xor|   0|  0|   2|           1|           2|
    +---------------------------+----------+----+---+----+------------+------------+
    |Total                      |          |   0|  0|  32|          16|          12|
    +---------------------------+----------+----+---+----+------------+------------+

    * Multiplexer: 
    +-------------------------+----+-----------+-----+-----------+
    |           Name          | LUT| Input Size| Bits| Total Bits|
    +-------------------------+----+-----------+-----+-----------+
    |ap_done_int              |   9|          2|    1|          2|
    |ap_enable_reg_pp0_iter1  |   9|          2|    1|          2|
    |ap_sig_allocacmp_i_1     |   9|          2|    7|         14|
    |gmem_blk_n_W             |   9|          2|    1|          2|
    |i_fu_70                  |   9|          2|    7|         14|
    +-------------------------+----+-----------+-----+-----------+
    |Total                    |  45|         10|   17|         34|
    +-------------------------+----+-----------+-----+-----------+

    * Register: 
    +-----------------------------------+----+----+-----+-----------+
    |                Name               | FF | LUT| Bits| Const Bits|
    +-----------------------------------+----+----+-----+-----------+
    |ap_CS_fsm                          |   1|   0|    1|          0|
    |ap_done_reg                        |   1|   0|    1|          0|
    |ap_enable_reg_pp0_iter1            |   1|   0|    1|          0|
    |ap_enable_reg_pp0_iter10           |   1|   0|    1|          0|
    |ap_enable_reg_pp0_iter11           |   1|   0|    1|          0|
    |ap_enable_reg_pp0_iter12           |   1|   0|    1|          0|
    |ap_enable_reg_pp0_iter13           |   1|   0|    1|          0|
    |ap_enable_reg_pp0_iter14           |   1|   0|    1|          0|
    |ap_enable_reg_pp0_iter15           |   1|   0|    1|          0|
    |ap_enable_reg_pp0_iter16           |   1|   0|    1|          0|
    |ap_enable_reg_pp0_iter17           |   1|   0|    1|          0|
    |ap_enable_reg_pp0_iter18           |   1|   0|    1|          0|
    |ap_enable_reg_pp0_iter19           |   1|   0|    1|          0|
    |ap_enable_reg_pp0_iter2            |   1|   0|    1|          0|
    |ap_enable_reg_pp0_iter20           |   1|   0|    1|          0|
    |ap_enable_reg_pp0_iter21           |   1|   0|    1|          0|
    |ap_enable_reg_pp0_iter22           |   1|   0|    1|          0|
    |ap_enable_reg_pp0_iter23           |   1|   0|    1|          0|
    |ap_enable_reg_pp0_iter24           |   1|   0|    1|          0|
    |ap_enable_reg_pp0_iter25           |   1|   0|    1|          0|
    |ap_enable_reg_pp0_iter26           |   1|   0|    1|          0|
    |ap_enable_reg_pp0_iter27           |   1|   0|    1|          0|
    |ap_enable_reg_pp0_iter28           |   1|   0|    1|          0|
    |ap_enable_reg_pp0_iter29           |   1|   0|    1|          0|
    |ap_enable_reg_pp0_iter3            |   1|   0|    1|          0|
    |ap_enable_reg_pp0_iter30           |   1|   0|    1|          0|
    |ap_enable_reg_pp0_iter31           |   1|   0|    1|          0|
    |ap_enable_reg_pp0_iter4            |   1|   0|    1|          0|
    |ap_enable_reg_pp0_iter5            |   1|   0|    1|          0|
    |ap_enable_reg_pp0_iter6            |   1|   0|    1|          0|
    |ap_enable_reg_pp0_iter7            |   1|   0|    1|          0|
    |ap_enable_reg_pp0_iter8            |   1|   0|    1|          0|
    |ap_enable_reg_pp0_iter9            |   1|   0|    1|          0|
    |ap_loop_exit_ready_pp0_iter10_reg  |   1|   0|    1|          0|
    |ap_loop_exit_ready_pp0_iter11_reg  |   1|   0|    1|          0|
    |ap_loop_exit_ready_pp0_iter12_reg  |   1|   0|    1|          0|
    |ap_loop_exit_ready_pp0_iter13_reg  |   1|   0|    1|          0|
    |ap_loop_exit_ready_pp0_iter14_reg  |   1|   0|    1|          0|
    |ap_loop_exit_ready_pp0_iter15_reg  |   1|   0|    1|          0|
    |ap_loop_exit_ready_pp0_iter16_reg  |   1|   0|    1|          0|
    |ap_loop_exit_ready_pp0_iter17_reg  |   1|   0|    1|          0|
    |ap_loop_exit_ready_pp0_iter18_reg  |   1|   0|    1|          0|
    |ap_loop_exit_ready_pp0_iter19_reg  |   1|   0|    1|          0|
    |ap_loop_exit_ready_pp0_iter1_reg   |   1|   0|    1|          0|
    |ap_loop_exit_ready_pp0_iter20_reg  |   1|   0|    1|          0|
    |ap_loop_exit_ready_pp0_iter21_reg  |   1|   0|    1|          0|
    |ap_loop_exit_ready_pp0_iter22_reg  |   1|   0|    1|          0|
    |ap_loop_exit_ready_pp0_iter23_reg  |   1|   0|    1|          0|
    |ap_loop_exit_ready_pp0_iter24_reg  |   1|   0|    1|          0|
    |ap_loop_exit_ready_pp0_iter25_reg  |   1|   0|    1|          0|
    |ap_loop_exit_ready_pp0_iter26_reg  |   1|   0|    1|          0|
    |ap_loop_exit_ready_pp0_iter27_reg  |   1|   0|    1|          0|
    |ap_loop_exit_ready_pp0_iter28_reg  |   1|   0|    1|          0|
    |ap_loop_exit_ready_pp0_iter29_reg  |   1|   0|    1|          0|
    |ap_loop_exit_ready_pp0_iter2_reg   |   1|   0|    1|          0|
    |ap_loop_exit_ready_pp0_iter30_reg  |   1|   0|    1|          0|
    |ap_loop_exit_ready_pp0_iter3_reg   |   1|   0|    1|          0|
    |ap_loop_exit_ready_pp0_iter4_reg   |   1|   0|    1|          0|
    |ap_loop_exit_ready_pp0_iter5_reg   |   1|   0|    1|          0|
    |ap_loop_exit_ready_pp0_iter6_reg   |   1|   0|    1|          0|
    |ap_loop_exit_ready_pp0_iter7_reg   |   1|   0|    1|          0|
    |ap_loop_exit_ready_pp0_iter8_reg   |   1|   0|    1|          0|
    |ap_loop_exit_ready_pp0_iter9_reg   |   1|   0|    1|          0|
    |div_1_reg_309                      |  32|   0|   32|          0|
    |div_2_reg_314                      |  32|   0|   32|          0|
    |div_3_reg_319                      |  32|   0|   32|          0|
    |div_reg_304                        |  32|   0|   32|          0|
    |exp_buffer_1_load_reg_289          |  32|   0|   32|          0|
    |exp_buffer_2_load_reg_294          |  32|   0|   32|          0|
    |exp_buffer_3_load_reg_299          |  32|   0|   32|          0|
    |exp_buffer_load_reg_284            |  32|   0|   32|          0|
    |i_fu_70                            |   7|   0|    7|          0|
    +-----------------------------------+----+----+-----+-----------+
    |Total                              | 326|   0|  326|          0|
    +-----------------------------------+----+----+-----+-----------+



================================================================
== Interface
================================================================
* Summary: 
+-----------------------+-----+-----+------------+--------------------------------------+--------------+
|       RTL Ports       | Dir | Bits|  Protocol  |             Source Object            |    C Type    |
+-----------------------+-----+-----+------------+--------------------------------------+--------------+
|ap_clk                 |   in|    1|  ap_ctrl_hs|  softmax_top_Pipeline_VITIS_LOOP_28_2|  return value|
|ap_rst                 |   in|    1|  ap_ctrl_hs|  softmax_top_Pipeline_VITIS_LOOP_28_2|  return value|
|ap_start               |   in|    1|  ap_ctrl_hs|  softmax_top_Pipeline_VITIS_LOOP_28_2|  return value|
|ap_done                |  out|    1|  ap_ctrl_hs|  softmax_top_Pipeline_VITIS_LOOP_28_2|  return value|
|ap_idle                |  out|    1|  ap_ctrl_hs|  softmax_top_Pipeline_VITIS_LOOP_28_2|  return value|
|ap_ready               |  out|    1|  ap_ctrl_hs|  softmax_top_Pipeline_VITIS_LOOP_28_2|  return value|
|m_axi_gmem_AWVALID     |  out|    1|       m_axi|                                  gmem|       pointer|
|m_axi_gmem_AWREADY     |   in|    1|       m_axi|                                  gmem|       pointer|
|m_axi_gmem_AWADDR      |  out|   64|       m_axi|                                  gmem|       pointer|
|m_axi_gmem_AWID        |  out|    1|       m_axi|                                  gmem|       pointer|
|m_axi_gmem_AWLEN       |  out|   32|       m_axi|                                  gmem|       pointer|
|m_axi_gmem_AWSIZE      |  out|    3|       m_axi|                                  gmem|       pointer|
|m_axi_gmem_AWBURST     |  out|    2|       m_axi|                                  gmem|       pointer|
|m_axi_gmem_AWLOCK      |  out|    2|       m_axi|                                  gmem|       pointer|
|m_axi_gmem_AWCACHE     |  out|    4|       m_axi|                                  gmem|       pointer|
|m_axi_gmem_AWPROT      |  out|    3|       m_axi|                                  gmem|       pointer|
|m_axi_gmem_AWQOS       |  out|    4|       m_axi|                                  gmem|       pointer|
|m_axi_gmem_AWREGION    |  out|    4|       m_axi|                                  gmem|       pointer|
|m_axi_gmem_AWUSER      |  out|    1|       m_axi|                                  gmem|       pointer|
|m_axi_gmem_WVALID      |  out|    1|       m_axi|                                  gmem|       pointer|
|m_axi_gmem_WREADY      |   in|    1|       m_axi|                                  gmem|       pointer|
|m_axi_gmem_WDATA       |  out|  128|       m_axi|                                  gmem|       pointer|
|m_axi_gmem_WSTRB       |  out|   16|       m_axi|                                  gmem|       pointer|
|m_axi_gmem_WLAST       |  out|    1|       m_axi|                                  gmem|       pointer|
|m_axi_gmem_WID         |  out|    1|       m_axi|                                  gmem|       pointer|
|m_axi_gmem_WUSER       |  out|    1|       m_axi|                                  gmem|       pointer|
|m_axi_gmem_ARVALID     |  out|    1|       m_axi|                                  gmem|       pointer|
|m_axi_gmem_ARREADY     |   in|    1|       m_axi|                                  gmem|       pointer|
|m_axi_gmem_ARADDR      |  out|   64|       m_axi|                                  gmem|       pointer|
|m_axi_gmem_ARID        |  out|    1|       m_axi|                                  gmem|       pointer|
|m_axi_gmem_ARLEN       |  out|   32|       m_axi|                                  gmem|       pointer|
|m_axi_gmem_ARSIZE      |  out|    3|       m_axi|                                  gmem|       pointer|
|m_axi_gmem_ARBURST     |  out|    2|       m_axi|                                  gmem|       pointer|
|m_axi_gmem_ARLOCK      |  out|    2|       m_axi|                                  gmem|       pointer|
|m_axi_gmem_ARCACHE     |  out|    4|       m_axi|                                  gmem|       pointer|
|m_axi_gmem_ARPROT      |  out|    3|       m_axi|                                  gmem|       pointer|
|m_axi_gmem_ARQOS       |  out|    4|       m_axi|                                  gmem|       pointer|
|m_axi_gmem_ARREGION    |  out|    4|       m_axi|                                  gmem|       pointer|
|m_axi_gmem_ARUSER      |  out|    1|       m_axi|                                  gmem|       pointer|
|m_axi_gmem_RVALID      |   in|    1|       m_axi|                                  gmem|       pointer|
|m_axi_gmem_RREADY      |  out|    1|       m_axi|                                  gmem|       pointer|
|m_axi_gmem_RDATA       |   in|  128|       m_axi|                                  gmem|       pointer|
|m_axi_gmem_RLAST       |   in|    1|       m_axi|                                  gmem|       pointer|
|m_axi_gmem_RID         |   in|    1|       m_axi|                                  gmem|       pointer|
|m_axi_gmem_RFIFONUM    |   in|    9|       m_axi|                                  gmem|       pointer|
|m_axi_gmem_RUSER       |   in|    1|       m_axi|                                  gmem|       pointer|
|m_axi_gmem_RRESP       |   in|    2|       m_axi|                                  gmem|       pointer|
|m_axi_gmem_BVALID      |   in|    1|       m_axi|                                  gmem|       pointer|
|m_axi_gmem_BREADY      |  out|    1|       m_axi|                                  gmem|       pointer|
|m_axi_gmem_BRESP       |   in|    2|       m_axi|                                  gmem|       pointer|
|m_axi_gmem_BID         |   in|    1|       m_axi|                                  gmem|       pointer|
|m_axi_gmem_BUSER       |   in|    1|       m_axi|                                  gmem|       pointer|
|sext_ln28              |   in|   60|     ap_none|                             sext_ln28|        scalar|
|exp_buffer_address0    |  out|    5|   ap_memory|                            exp_buffer|         array|
|exp_buffer_ce0         |  out|    1|   ap_memory|                            exp_buffer|         array|
|exp_buffer_q0          |   in|   32|   ap_memory|                            exp_buffer|         array|
|sum_reload             |   in|   32|     ap_none|                            sum_reload|        scalar|
|exp_buffer_1_address0  |  out|    5|   ap_memory|                          exp_buffer_1|         array|
|exp_buffer_1_ce0       |  out|    1|   ap_memory|                          exp_buffer_1|         array|
|exp_buffer_1_q0        |   in|   32|   ap_memory|                          exp_buffer_1|         array|
|exp_buffer_2_address0  |  out|    5|   ap_memory|                          exp_buffer_2|         array|
|exp_buffer_2_ce0       |  out|    1|   ap_memory|                          exp_buffer_2|         array|
|exp_buffer_2_q0        |   in|   32|   ap_memory|                          exp_buffer_2|         array|
|exp_buffer_3_address0  |  out|    5|   ap_memory|                          exp_buffer_3|         array|
|exp_buffer_3_ce0       |  out|    1|   ap_memory|                          exp_buffer_3|         array|
|exp_buffer_3_q0        |   in|   32|   ap_memory|                          exp_buffer_3|         array|
+-----------------------+-----+-----+------------+--------------------------------------+--------------+

