================================================================
== Design Size Report
================================================================

* Total Instructions per Compilation Phase
+---------------+-----------------------------+--------------+----------------------------------------------------------------------------------------+
| Phase         | Step                        | Instructions | Description                                                                            |
+---------------+-----------------------------+--------------+----------------------------------------------------------------------------------------+
| Compile/Link  |                             |    52        | After all functions are compiled and linked into a single design                       |
|               |                             |              |                                                                                        |
| Unroll/Inline |                             |              | After user unroll and inline pragmas are applied                                       |
|               | (1) unroll                  |    38        | user unroll pragmas are applied                                                        |
|               | (2) simplification          |    31        | simplification of applied user unroll pragmas                                          |
|               | (3) inline                  |    32        | user inline pragmas are applied                                                        |
|               | (4) simplification          |    32        | simplification of applied user inline pragmas                                          |
|               |                             |              |                                                                                        |
| Array/Struct  |                             |              | After user array partition and struct aggregate/disaggregate pragmas are applied       |
|               | (1) array partition         |   182        | user array partition pragmas are applied                                               |
|               | (2) simplification          |   180        | simplification of applied user array partition & struct aggregate/disaggregate pragmas |
|               | (3) aggregate/disaggregate  |   180        | user struct aggregate/disaggregate pragmas are applied                                 |
|               | (4) array reshape           |   180        | apply array reshape pragmas                                                            |
|               | (5) access patterns         | 2,114        | array access pattern optmizations                                                      |
|               |                             |              |                                                                                        |
| Performance   |                             |              | After transformations are applied to meet performance pragma targets                   |
|               | (1) loop simplification     |   586        | loop and instruction simplification                                                    |
|               | (2) parallelization         |   586        | loops are unrolled or pipelined to meet performance targets                            |
|               | (3) array partition         |   586        | arrays are partitioned to meet performance targets                                     |
|               | (4) simplification          |   586        | simplification of design after performance transformations                             |
|               |                             |              |                                                                                        |
| HW Transforms |                             |              | After hardware transfomations                                                          |
|               | (1) lowering                |   590        | initial conversion to HW specific instructions                                         |
|               | (2) optimizations           |   585        | high level synthesis optimizations                                                     |
+---------------+-----------------------------+--------------+----------------------------------------------------------------------------------------+

* Instructions per Function for each Compilation Phase
+---------------+----------------------+--------------+---------------+--------------+-------------+---------------+
| Function      | Location             | Compile/Link | Unroll/Inline | Array/Struct | Performance | HW Transforms |
+---------------+----------------------+--------------+---------------+--------------+-------------+---------------+
| + softmax_top | softmax.cpp:6        | 52           | 32            | 2,114        | 586         | 585           |
|  + expf       | expfloat.cpp:20      |  4           |               |              |             |               |
|     exp       | hls_exp_float.cpp:15 |  2           |               |              |             |               |
+---------------+----------------------+--------------+---------------+--------------+-------------+---------------+

* Design Size Message Settings
+---------------------------------------------+--------+------------------------------------------------------------------+
| Message Setting                             | Value  | Description                                                      |
+---------------------------------------------+--------+------------------------------------------------------------------+
| config_compile -design_size_maximum_warning | 100000 | Show a warning when total design instructions exceeds this value |
+---------------------------------------------+--------+------------------------------------------------------------------+


