

================================================================
== Vitis HLS Report for 'softmax_top_Pipeline_exp_loop'
================================================================
* Date:           Wed Mar  4 04:07:50 2026

* Version:        2023.2 (Build 4023990 on Oct 11 2023)
* Project:        softmax_design4
* Solution:       solution (Vitis Kernel Flow Target)
* Product family: zynquplus
* Target device:  xck26-sfvc784-2LV-c


================================================================
== Performance Estimates
================================================================
+ Timing: 
    * Summary: 
    +--------+---------+----------+------------+
    |  Clock |  Target | Estimated| Uncertainty|
    +--------+---------+----------+------------+
    |ap_clk  |  4.00 ns|  4.903 ns|     1.08 ns|
    +--------+---------+----------+------------+

+ Latency: 
    * Summary: 
    +---------+---------+----------+----------+-----+-----+---------+
    |  Latency (cycles) |  Latency (absolute) |  Interval | Pipeline|
    |   min   |   max   |    min   |    max   | min | max |   Type  |
    +---------+---------+----------+----------+-----+-----+---------+
    |      720|      720|  3.530 us|  3.530 us|  720|  720|       no|
    +---------+---------+----------+----------+-----+-----+---------+

    + Detail: 
        * Instance: 
        N/A

        * Loop: 
        +------------+---------+---------+----------+-----------+-----------+------+----------+
        |            |  Latency (cycles) | Iteration|  Initiation Interval  | Trip |          |
        |  Loop Name |   min   |   max   |  Latency |  achieved |   target  | Count| Pipelined|
        +------------+---------+---------+----------+-----------+-----------+------+----------+
        |- exp_loop  |      718|      718|       131|        112|          1|     6|       yes|
        +------------+---------+---------+----------+-----------+-----------+------+----------+



================================================================
== Utilization Estimates
================================================================
* Summary: 
+-----------------+---------+------+--------+--------+-----+
|       Name      | BRAM_18K|  DSP |   FF   |   LUT  | URAM|
+-----------------+---------+------+--------+--------+-----+
|DSP              |        -|     -|       -|       -|    -|
|Expression       |        -|     -|       0|      47|    -|
|FIFO             |        -|     -|       -|       -|    -|
|Instance         |        -|     7|     850|    1419|    -|
|Memory           |        -|     -|       -|       -|    -|
|Multiplexer      |        -|     -|       -|     818|    -|
|Register         |        -|     -|    1057|       -|    -|
+-----------------+---------+------+--------+--------+-----+
|Total            |        0|     7|    1907|    2284|    0|
+-----------------+---------+------+--------+--------+-----+
|Available        |      288|  1248|  234240|  117120|   64|
+-----------------+---------+------+--------+--------+-----+
|Utilization (%)  |        0|    ~0|      ~0|       1|    0|
+-----------------+---------+------+--------+--------+-----+

+ Detail: 
    * Instance: 
    +------------------------------------+---------------------------------+---------+----+-----+------+-----+
    |              Instance              |              Module             | BRAM_18K| DSP|  FF |  LUT | URAM|
    +------------------------------------+---------------------------------+---------+----+-----+------+-----+
    |fadd_32ns_32ns_32_8_no_dsp_1_U1     |fadd_32ns_32ns_32_8_no_dsp_1     |        0|   0|  374|   376|    0|
    |fexp_32ns_32ns_32_18_full_dsp_1_U2  |fexp_32ns_32ns_32_18_full_dsp_1  |        0|   7|  476|  1043|    0|
    +------------------------------------+---------------------------------+---------+----+-----+------+-----+
    |Total                               |                                 |        0|   7|  850|  1419|    0|
    +------------------------------------+---------------------------------+---------+----+-----+------+-----+

    * DSP: 
    N/A

    * Memory: 
    N/A

    * FIFO: 
    N/A

    * Expression: 
    +----------------------------------+----------+----+---+----+------------+------------+
    |           Variable Name          | Operation| DSP| FF| LUT| Bitwidth P0| Bitwidth P1|
    +----------------------------------+----------+----+---+----+------------+------------+
    |add_ln16_fu_475_p2                |         +|   0|  0|  14|           7|           5|
    |ap_block_pp0_stage0_11001         |       and|   0|  0|   2|           1|           1|
    |ap_block_pp0_stage1_11001         |       and|   0|  0|   2|           1|           1|
    |ap_block_pp0_stage2_11001         |       and|   0|  0|   2|           1|           1|
    |ap_block_pp0_stage3_11001         |       and|   0|  0|   2|           1|           1|
    |ap_block_state2_pp0_stage1_iter0  |       and|   0|  0|   2|           1|           1|
    |icmp_ln16_fu_469_p2               |      icmp|   0|  0|  14|           7|           6|
    |i_4_fu_463_p2                     |        or|   0|  0|   7|           7|           3|
    |ap_enable_pp0                     |       xor|   0|  0|   2|           1|           2|
    +----------------------------------+----------+----+---+----+------------+------------+
    |Total                             |          |   0|  0|  47|          27|          21|
    +----------------------------------+----------+----+---+----+------------+------------+

    * Multiplexer: 
    +-----------------------------+-----+-----------+-----+-----------+
    |             Name            | LUT | Input Size| Bits| Total Bits|
    +-----------------------------+-----+-----------+-----+-----------+
    |ap_NS_fsm                    |  577|        113|    1|        113|
    |ap_done_int                  |    9|          2|    1|          2|
    |ap_enable_reg_pp0_iter0      |    9|          2|    1|          2|
    |ap_enable_reg_pp0_iter0_reg  |    9|          2|    1|          2|
    |ap_enable_reg_pp0_iter1      |    9|          2|    1|          2|
    |ap_sig_allocacmp_i_3         |    9|          2|    7|         14|
    |ap_sig_allocacmp_sum_17      |    9|          2|   32|         64|
    |gmem0_blk_n_R                |    9|          2|    1|          2|
    |grp_fu_344_p0                |   14|          3|   32|         96|
    |grp_fu_344_p1                |   65|         16|   32|        512|
    |grp_fu_350_p1                |   81|         17|   32|        544|
    |i_fu_114                     |    9|          2|    7|         14|
    |sum_fu_110                   |    9|          2|   32|         64|
    +-----------------------------+-----+-----------+-----+-----------+
    |Total                        |  818|        167|  180|       1431|
    +-----------------------------+-----+-----------+-----+-----------+

    * Register: 
    +-----------------------------+-----+----+-----+-----------+
    |             Name            |  FF | LUT| Bits| Const Bits|
    +-----------------------------+-----+----+-----+-----------+
    |ap_CS_fsm                    |  112|   0|  112|          0|
    |ap_done_reg                  |    1|   0|    1|          0|
    |ap_enable_reg_pp0_iter0_reg  |    1|   0|    1|          0|
    |ap_enable_reg_pp0_iter1      |    1|   0|    1|          0|
    |i_fu_114                     |    7|   0|    7|          0|
    |icmp_ln16_reg_613            |    1|   0|    1|          0|
    |lshr_ln_reg_598              |    3|   0|    3|          0|
    |reg_402                      |   32|   0|   32|          0|
    |reg_406                      |   32|   0|   32|          0|
    |reg_410                      |   32|   0|   32|          0|
    |reg_415                      |   32|   0|   32|          0|
    |sum_fu_110                   |   32|   0|   32|          0|
    |tmp_10_reg_811               |   32|   0|   32|          0|
    |tmp_11_reg_816               |   32|   0|   32|          0|
    |tmp_12_reg_821               |   32|   0|   32|          0|
    |tmp_14_reg_826               |   32|   0|   32|          0|
    |tmp_2_reg_771                |   32|   0|   32|          0|
    |tmp_3_reg_776                |   32|   0|   32|          0|
    |tmp_4_reg_781                |   32|   0|   32|          0|
    |tmp_5_reg_786                |   32|   0|   32|          0|
    |tmp_6_reg_791                |   32|   0|   32|          0|
    |tmp_8_reg_796                |   32|   0|   32|          0|
    |tmp_9_reg_801                |   32|   0|   32|          0|
    |tmp_s_reg_806                |   32|   0|   32|          0|
    |trunc_ln19_10_reg_657        |   32|   0|   32|          0|
    |trunc_ln19_11_reg_667        |   32|   0|   32|          0|
    |trunc_ln19_12_reg_672        |   32|   0|   32|          0|
    |trunc_ln19_14_reg_677        |   32|   0|   32|          0|
    |trunc_ln19_3_reg_608         |   32|   0|   32|          0|
    |trunc_ln19_4_reg_622         |   32|   0|   32|          0|
    |trunc_ln19_5_reg_627         |   32|   0|   32|          0|
    |trunc_ln19_6_reg_632         |   32|   0|   32|          0|
    |trunc_ln19_7_reg_637         |   32|   0|   32|          0|
    |trunc_ln19_8_reg_647         |   32|   0|   32|          0|
    |trunc_ln19_reg_603           |   32|   0|   32|          0|
    |trunc_ln19_s_reg_652         |   32|   0|   32|          0|
    |zext_ln11_reg_752            |    3|   0|   64|         61|
    +-----------------------------+-----+----+-----+-----------+
    |Total                        | 1057|   0| 1118|         61|
    +-----------------------------+-----+----+-----+-----------+



================================================================
== Interface
================================================================
* Summary: 
+------------------------+-----+-----+------------+-------------------------------+--------------+
|        RTL Ports       | Dir | Bits|  Protocol  |         Source Object         |    C Type    |
+------------------------+-----+-----+------------+-------------------------------+--------------+
|ap_clk                  |   in|    1|  ap_ctrl_hs|  softmax_top_Pipeline_exp_loop|  return value|
|ap_rst                  |   in|    1|  ap_ctrl_hs|  softmax_top_Pipeline_exp_loop|  return value|
|ap_start                |   in|    1|  ap_ctrl_hs|  softmax_top_Pipeline_exp_loop|  return value|
|ap_done                 |  out|    1|  ap_ctrl_hs|  softmax_top_Pipeline_exp_loop|  return value|
|ap_idle                 |  out|    1|  ap_ctrl_hs|  softmax_top_Pipeline_exp_loop|  return value|
|ap_ready                |  out|    1|  ap_ctrl_hs|  softmax_top_Pipeline_exp_loop|  return value|
|m_axi_gmem0_AWVALID     |  out|    1|       m_axi|                          gmem0|       pointer|
|m_axi_gmem0_AWREADY     |   in|    1|       m_axi|                          gmem0|       pointer|
|m_axi_gmem0_AWADDR      |  out|   64|       m_axi|                          gmem0|       pointer|
|m_axi_gmem0_AWID        |  out|    1|       m_axi|                          gmem0|       pointer|
|m_axi_gmem0_AWLEN       |  out|   32|       m_axi|                          gmem0|       pointer|
|m_axi_gmem0_AWSIZE      |  out|    3|       m_axi|                          gmem0|       pointer|
|m_axi_gmem0_AWBURST     |  out|    2|       m_axi|                          gmem0|       pointer|
|m_axi_gmem0_AWLOCK      |  out|    2|       m_axi|                          gmem0|       pointer|
|m_axi_gmem0_AWCACHE     |  out|    4|       m_axi|                          gmem0|       pointer|
|m_axi_gmem0_AWPROT      |  out|    3|       m_axi|                          gmem0|       pointer|
|m_axi_gmem0_AWQOS       |  out|    4|       m_axi|                          gmem0|       pointer|
|m_axi_gmem0_AWREGION    |  out|    4|       m_axi|                          gmem0|       pointer|
|m_axi_gmem0_AWUSER      |  out|    1|       m_axi|                          gmem0|       pointer|
|m_axi_gmem0_WVALID      |  out|    1|       m_axi|                          gmem0|       pointer|
|m_axi_gmem0_WREADY      |   in|    1|       m_axi|                          gmem0|       pointer|
|m_axi_gmem0_WDATA       |  out|  128|       m_axi|                          gmem0|       pointer|
|m_axi_gmem0_WSTRB       |  out|   16|       m_axi|                          gmem0|       pointer|
|m_axi_gmem0_WLAST       |  out|    1|       m_axi|                          gmem0|       pointer|
|m_axi_gmem0_WID         |  out|    1|       m_axi|                          gmem0|       pointer|
|m_axi_gmem0_WUSER       |  out|    1|       m_axi|                          gmem0|       pointer|
|m_axi_gmem0_ARVALID     |  out|    1|       m_axi|                          gmem0|       pointer|
|m_axi_gmem0_ARREADY     |   in|    1|       m_axi|                          gmem0|       pointer|
|m_axi_gmem0_ARADDR      |  out|   64|       m_axi|                          gmem0|       pointer|
|m_axi_gmem0_ARID        |  out|    1|       m_axi|                          gmem0|       pointer|
|m_axi_gmem0_ARLEN       |  out|   32|       m_axi|                          gmem0|       pointer|
|m_axi_gmem0_ARSIZE      |  out|    3|       m_axi|                          gmem0|       pointer|
|m_axi_gmem0_ARBURST     |  out|    2|       m_axi|                          gmem0|       pointer|
|m_axi_gmem0_ARLOCK      |  out|    2|       m_axi|                          gmem0|       pointer|
|m_axi_gmem0_ARCACHE     |  out|    4|       m_axi|                          gmem0|       pointer|
|m_axi_gmem0_ARPROT      |  out|    3|       m_axi|                          gmem0|       pointer|
|m_axi_gmem0_ARQOS       |  out|    4|       m_axi|                          gmem0|       pointer|
|m_axi_gmem0_ARREGION    |  out|    4|       m_axi|                          gmem0|       pointer|
|m_axi_gmem0_ARUSER      |  out|    1|       m_axi|                          gmem0|       pointer|
|m_axi_gmem0_RVALID      |   in|    1|       m_axi|                          gmem0|       pointer|
|m_axi_gmem0_RREADY      |  out|    1|       m_axi|                          gmem0|       pointer|
|m_axi_gmem0_RDATA       |   in|  128|       m_axi|                          gmem0|       pointer|
|m_axi_gmem0_RLAST       |   in|    1|       m_axi|                          gmem0|       pointer|
|m_axi_gmem0_RID         |   in|    1|       m_axi|                          gmem0|       pointer|
|m_axi_gmem0_RFIFONUM    |   in|    9|       m_axi|                          gmem0|       pointer|
|m_axi_gmem0_RUSER       |   in|    1|       m_axi|                          gmem0|       pointer|
|m_axi_gmem0_RRESP       |   in|    2|       m_axi|                          gmem0|       pointer|
|m_axi_gmem0_BVALID      |   in|    1|       m_axi|                          gmem0|       pointer|
|m_axi_gmem0_BREADY      |  out|    1|       m_axi|                          gmem0|       pointer|
|m_axi_gmem0_BRESP       |   in|    2|       m_axi|                          gmem0|       pointer|
|m_axi_gmem0_BID         |   in|    1|       m_axi|                          gmem0|       pointer|
|m_axi_gmem0_BUSER       |   in|    1|       m_axi|                          gmem0|       pointer|
|sext_ln16               |   in|   60|     ap_none|                      sext_ln16|        scalar|
|exp_buffer_15_address0  |  out|    3|   ap_memory|                  exp_buffer_15|         array|
|exp_buffer_15_ce0       |  out|    1|   ap_memory|                  exp_buffer_15|         array|
|exp_buffer_15_we0       |  out|    1|   ap_memory|                  exp_buffer_15|         array|
|exp_buffer_15_d0        |  out|   32|   ap_memory|                  exp_buffer_15|         array|
|exp_buffer_14_address0  |  out|    3|   ap_memory|                  exp_buffer_14|         array|
|exp_buffer_14_ce0       |  out|    1|   ap_memory|                  exp_buffer_14|         array|
|exp_buffer_14_we0       |  out|    1|   ap_memory|                  exp_buffer_14|         array|
|exp_buffer_14_d0        |  out|   32|   ap_memory|                  exp_buffer_14|         array|
|exp_buffer_13_address0  |  out|    3|   ap_memory|                  exp_buffer_13|         array|
|exp_buffer_13_ce0       |  out|    1|   ap_memory|                  exp_buffer_13|         array|
|exp_buffer_13_we0       |  out|    1|   ap_memory|                  exp_buffer_13|         array|
|exp_buffer_13_d0        |  out|   32|   ap_memory|                  exp_buffer_13|         array|
|exp_buffer_12_address0  |  out|    3|   ap_memory|                  exp_buffer_12|         array|
|exp_buffer_12_ce0       |  out|    1|   ap_memory|                  exp_buffer_12|         array|
|exp_buffer_12_we0       |  out|    1|   ap_memory|                  exp_buffer_12|         array|
|exp_buffer_12_d0        |  out|   32|   ap_memory|                  exp_buffer_12|         array|
|exp_buffer_11_address0  |  out|    3|   ap_memory|                  exp_buffer_11|         array|
|exp_buffer_11_ce0       |  out|    1|   ap_memory|                  exp_buffer_11|         array|
|exp_buffer_11_we0       |  out|    1|   ap_memory|                  exp_buffer_11|         array|
|exp_buffer_11_d0        |  out|   32|   ap_memory|                  exp_buffer_11|         array|
|exp_buffer_10_address0  |  out|    3|   ap_memory|                  exp_buffer_10|         array|
|exp_buffer_10_ce0       |  out|    1|   ap_memory|                  exp_buffer_10|         array|
|exp_buffer_10_we0       |  out|    1|   ap_memory|                  exp_buffer_10|         array|
|exp_buffer_10_d0        |  out|   32|   ap_memory|                  exp_buffer_10|         array|
|exp_buffer_9_address0   |  out|    3|   ap_memory|                   exp_buffer_9|         array|
|exp_buffer_9_ce0        |  out|    1|   ap_memory|                   exp_buffer_9|         array|
|exp_buffer_9_we0        |  out|    1|   ap_memory|                   exp_buffer_9|         array|
|exp_buffer_9_d0         |  out|   32|   ap_memory|                   exp_buffer_9|         array|
|exp_buffer_8_address0   |  out|    3|   ap_memory|                   exp_buffer_8|         array|
|exp_buffer_8_ce0        |  out|    1|   ap_memory|                   exp_buffer_8|         array|
|exp_buffer_8_we0        |  out|    1|   ap_memory|                   exp_buffer_8|         array|
|exp_buffer_8_d0         |  out|   32|   ap_memory|                   exp_buffer_8|         array|
|exp_buffer_7_address0   |  out|    3|   ap_memory|                   exp_buffer_7|         array|
|exp_buffer_7_ce0        |  out|    1|   ap_memory|                   exp_buffer_7|         array|
|exp_buffer_7_we0        |  out|    1|   ap_memory|                   exp_buffer_7|         array|
|exp_buffer_7_d0         |  out|   32|   ap_memory|                   exp_buffer_7|         array|
|exp_buffer_6_address0   |  out|    3|   ap_memory|                   exp_buffer_6|         array|
|exp_buffer_6_ce0        |  out|    1|   ap_memory|                   exp_buffer_6|         array|
|exp_buffer_6_we0        |  out|    1|   ap_memory|                   exp_buffer_6|         array|
|exp_buffer_6_d0         |  out|   32|   ap_memory|                   exp_buffer_6|         array|
|exp_buffer_5_address0   |  out|    3|   ap_memory|                   exp_buffer_5|         array|
|exp_buffer_5_ce0        |  out|    1|   ap_memory|                   exp_buffer_5|         array|
|exp_buffer_5_we0        |  out|    1|   ap_memory|                   exp_buffer_5|         array|
|exp_buffer_5_d0         |  out|   32|   ap_memory|                   exp_buffer_5|         array|
|exp_buffer_4_address0   |  out|    3|   ap_memory|                   exp_buffer_4|         array|
|exp_buffer_4_ce0        |  out|    1|   ap_memory|                   exp_buffer_4|         array|
|exp_buffer_4_we0        |  out|    1|   ap_memory|                   exp_buffer_4|         array|
|exp_buffer_4_d0         |  out|   32|   ap_memory|                   exp_buffer_4|         array|
|exp_buffer_3_address0   |  out|    3|   ap_memory|                   exp_buffer_3|         array|
|exp_buffer_3_ce0        |  out|    1|   ap_memory|                   exp_buffer_3|         array|
|exp_buffer_3_we0        |  out|    1|   ap_memory|                   exp_buffer_3|         array|
|exp_buffer_3_d0         |  out|   32|   ap_memory|                   exp_buffer_3|         array|
|exp_buffer_2_address0   |  out|    3|   ap_memory|                   exp_buffer_2|         array|
|exp_buffer_2_ce0        |  out|    1|   ap_memory|                   exp_buffer_2|         array|
|exp_buffer_2_we0        |  out|    1|   ap_memory|                   exp_buffer_2|         array|
|exp_buffer_2_d0         |  out|   32|   ap_memory|                   exp_buffer_2|         array|
|exp_buffer_1_address0   |  out|    3|   ap_memory|                   exp_buffer_1|         array|
|exp_buffer_1_ce0        |  out|    1|   ap_memory|                   exp_buffer_1|         array|
|exp_buffer_1_we0        |  out|    1|   ap_memory|                   exp_buffer_1|         array|
|exp_buffer_1_d0         |  out|   32|   ap_memory|                   exp_buffer_1|         array|
|exp_buffer_address0     |  out|    3|   ap_memory|                     exp_buffer|         array|
|exp_buffer_ce0          |  out|    1|   ap_memory|                     exp_buffer|         array|
|exp_buffer_we0          |  out|    1|   ap_memory|                     exp_buffer|         array|
|exp_buffer_d0           |  out|   32|   ap_memory|                     exp_buffer|         array|
|sum_4_out               |  out|   32|      ap_vld|                      sum_4_out|       pointer|
|sum_4_out_ap_vld        |  out|    1|      ap_vld|                      sum_4_out|       pointer|
+------------------------+-----+-----+------------+-------------------------------+--------------+

