

================================================================
== Vitis HLS Report for 'softmax_top_Pipeline_norm_loop'
================================================================
* Date:           Wed Mar  4 04:07:50 2026

* Version:        2023.2 (Build 4023990 on Oct 11 2023)
* Project:        softmax_design4
* Solution:       solution (Vitis Kernel Flow Target)
* Product family: zynquplus
* Target device:  xck26-sfvc784-2LV-c


================================================================
== Performance Estimates
================================================================
+ Timing: 
    * Summary: 
    +--------+---------+----------+------------+
    |  Clock |  Target | Estimated| Uncertainty|
    +--------+---------+----------+------------+
    |ap_clk  |  4.00 ns|  2.920 ns|     1.08 ns|
    +--------+---------+----------+------------+

+ Latency: 
    * Summary: 
    +---------+---------+----------+----------+-----+-----+---------+
    |  Latency (cycles) |  Latency (absolute) |  Interval | Pipeline|
    |   min   |   max   |    min   |    max   | min | max |   Type  |
    +---------+---------+----------+----------+-----+-----+---------+
    |       34|       34|  0.136 us|  0.136 us|   34|   34|       no|
    +---------+---------+----------+----------+-----+-----+---------+

    + Detail: 
        * Instance: 
        N/A

        * Loop: 
        +-------------+---------+---------+----------+-----------+-----------+------+----------+
        |             |  Latency (cycles) | Iteration|  Initiation Interval  | Trip |          |
        |  Loop Name  |   min   |   max   |  Latency |  achieved |   target  | Count| Pipelined|
        +-------------+---------+---------+----------+-----------+-----------+------+----------+
        |- norm_loop  |       32|       32|        12|          4|          1|     6|       yes|
        +-------------+---------+---------+----------+-----------+-----------+------+----------+



================================================================
== Utilization Estimates
================================================================
* Summary: 
+-----------------+---------+------+--------+--------+-----+
|       Name      | BRAM_18K|  DSP |   FF   |   LUT  | URAM|
+-----------------+---------+------+--------+--------+-----+
|DSP              |        -|     -|       -|       -|    -|
|Expression       |        -|     -|       0|      53|    -|
|FIFO             |        -|     -|       -|       -|    -|
|Instance         |        -|    12|     660|     584|    -|
|Memory           |        -|     -|       -|       -|    -|
|Multiplexer      |        -|     -|       -|     228|    -|
|Register         |        -|     -|     722|      32|    -|
+-----------------+---------+------+--------+--------+-----+
|Total            |        0|    12|    1382|     897|    0|
+-----------------+---------+------+--------+--------+-----+
|Available        |      288|  1248|  234240|  117120|   64|
+-----------------+---------+------+--------+--------+-----+
|Utilization (%)  |        0|    ~0|      ~0|      ~0|    0|
+-----------------+---------+------+--------+--------+-----+

+ Detail: 
    * Instance: 
    +-----------------------------------+-------------------------------+---------+----+-----+-----+-----+
    |              Instance             |             Module            | BRAM_18K| DSP|  FF | LUT | URAM|
    +-----------------------------------+-------------------------------+---------+----+-----+-----+-----+
    |fmul_32ns_32ns_32_6_max_dsp_1_U24  |fmul_32ns_32ns_32_6_max_dsp_1  |        0|   3|  165|  146|    0|
    |fmul_32ns_32ns_32_6_max_dsp_1_U25  |fmul_32ns_32ns_32_6_max_dsp_1  |        0|   3|  165|  146|    0|
    |fmul_32ns_32ns_32_6_max_dsp_1_U26  |fmul_32ns_32ns_32_6_max_dsp_1  |        0|   3|  165|  146|    0|
    |fmul_32ns_32ns_32_6_max_dsp_1_U27  |fmul_32ns_32ns_32_6_max_dsp_1  |        0|   3|  165|  146|    0|
    +-----------------------------------+-------------------------------+---------+----+-----+-----+-----+
    |Total                              |                               |        0|  12|  660|  584|    0|
    +-----------------------------------+-------------------------------+---------+----+-----+-----+-----+

    * DSP: 
    N/A

    * Memory: 
    N/A

    * FIFO: 
    N/A

    * Expression: 
    +---------------------------+----------+----+---+----+------------+------------+
    |       Variable Name       | Operation| DSP| FF| LUT| Bitwidth P0| Bitwidth P1|
    +---------------------------+----------+----+---+----+------------+------------+
    |add_ln25_fu_440_p2         |         +|   0|  0|  14|           7|           5|
    |ap_block_pp0_stage0_11001  |       and|   0|  0|   2|           1|           1|
    |ap_block_pp0_stage1_11001  |       and|   0|  0|   2|           1|           1|
    |ap_block_pp0_stage2_11001  |       and|   0|  0|   2|           1|           1|
    |ap_block_pp0_stage3_11001  |       and|   0|  0|   2|           1|           1|
    |ap_block_state10_io        |       and|   0|  0|   2|           1|           1|
    |ap_condition_650           |       and|   0|  0|   2|           1|           1|
    |ap_condition_654           |       and|   0|  0|   2|           1|           1|
    |ap_condition_658           |       and|   0|  0|   2|           1|           1|
    |icmp_ln25_fu_434_p2        |      icmp|   0|  0|  14|           7|           6|
    |i_2_fu_428_p2              |        or|   0|  0|   7|           7|           3|
    |ap_enable_pp0              |       xor|   0|  0|   2|           1|           2|
    +---------------------------+----------+----+---+----+------------+------------+
    |Total                      |          |   0|  0|  53|          30|          24|
    +---------------------------+----------+----+---+----+------------+------------+

    * Multiplexer: 
    +----------------------------------+----+-----------+-----+-----------+
    |               Name               | LUT| Input Size| Bits| Total Bits|
    +----------------------------------+----+-----------+-----+-----------+
    |ap_NS_fsm                         |  26|          5|    1|          5|
    |ap_done_int                       |   9|          2|    1|          2|
    |ap_enable_reg_pp0_iter0           |   9|          2|    1|          2|
    |ap_enable_reg_pp0_iter2           |   9|          2|    1|          2|
    |ap_loop_exit_ready_pp0_iter1_reg  |   9|          2|    1|          2|
    |ap_loop_exit_ready_pp0_iter2_reg  |   9|          2|    1|          2|
    |ap_sig_allocacmp_i_1              |   9|          2|    7|         14|
    |gmem1_blk_n_W                     |   9|          2|    1|          2|
    |grp_fu_354_p0                     |  26|          5|   32|        160|
    |grp_fu_358_p0                     |  26|          5|   32|        160|
    |grp_fu_362_p0                     |  26|          5|   32|        160|
    |grp_fu_366_p0                     |  26|          5|   32|        160|
    |i_fu_98                           |   9|          2|    7|         14|
    |m_axi_gmem1_WDATA                 |  26|          5|  128|        640|
    +----------------------------------+----+-----------+-----+-----------+
    |Total                             | 228|         46|  277|       1325|
    +----------------------------------+----+-----------+-----+-----------+

    * Register: 
    +----------------------------------+----+----+-----+-----------+
    |               Name               | FF | LUT| Bits| Const Bits|
    +----------------------------------+----+----+-----+-----------+
    |ap_CS_fsm                         |   4|   0|    4|          0|
    |ap_done_reg                       |   1|   0|    1|          0|
    |ap_enable_reg_pp0_iter0_reg       |   1|   0|    1|          0|
    |ap_enable_reg_pp0_iter1           |   1|   0|    1|          0|
    |ap_enable_reg_pp0_iter2           |   1|   0|    1|          0|
    |ap_loop_exit_ready_pp0_iter1_reg  |   1|   0|    1|          0|
    |ap_loop_exit_ready_pp0_iter2_reg  |   1|   0|    1|          0|
    |exp_buffer_10_load_reg_727        |  32|   0|   32|          0|
    |exp_buffer_11_load_reg_732        |  32|   0|   32|          0|
    |exp_buffer_12_load_reg_737        |  32|   0|   32|          0|
    |exp_buffer_13_load_reg_742        |  32|   0|   32|          0|
    |exp_buffer_14_load_reg_747        |  32|   0|   32|          0|
    |exp_buffer_15_load_reg_752        |  32|   0|   32|          0|
    |exp_buffer_1_load_reg_682         |  32|   0|   32|          0|
    |exp_buffer_2_load_reg_687         |  32|   0|   32|          0|
    |exp_buffer_3_load_reg_692         |  32|   0|   32|          0|
    |exp_buffer_4_load_reg_697         |  32|   0|   32|          0|
    |exp_buffer_5_load_reg_702         |  32|   0|   32|          0|
    |exp_buffer_6_load_reg_707         |  32|   0|   32|          0|
    |exp_buffer_7_load_reg_712         |  32|   0|   32|          0|
    |exp_buffer_8_load_reg_717         |  32|   0|   32|          0|
    |exp_buffer_9_load_reg_722         |  32|   0|   32|          0|
    |exp_buffer_load_reg_677           |  32|   0|   32|          0|
    |i_fu_98                           |   7|   0|    7|          0|
    |icmp_ln25_reg_613                 |   1|   0|    1|          0|
    |reg_370                           |  32|   0|   32|          0|
    |reg_374                           |  32|   0|   32|          0|
    |reg_378                           |  32|   0|   32|          0|
    |reg_382                           |  32|   0|   32|          0|
    |icmp_ln25_reg_613                 |  64|  32|    1|          0|
    +----------------------------------+----+----+-----+-----------+
    |Total                             | 722|  32|  659|          0|
    +----------------------------------+----+----+-----+-----------+



================================================================
== Interface
================================================================
* Summary: 
+------------------------+-----+-----+------------+--------------------------------+--------------+
|        RTL Ports       | Dir | Bits|  Protocol  |          Source Object         |    C Type    |
+------------------------+-----+-----+------------+--------------------------------+--------------+
|ap_clk                  |   in|    1|  ap_ctrl_hs|  softmax_top_Pipeline_norm_loop|  return value|
|ap_rst                  |   in|    1|  ap_ctrl_hs|  softmax_top_Pipeline_norm_loop|  return value|
|ap_start                |   in|    1|  ap_ctrl_hs|  softmax_top_Pipeline_norm_loop|  return value|
|ap_done                 |  out|    1|  ap_ctrl_hs|  softmax_top_Pipeline_norm_loop|  return value|
|ap_idle                 |  out|    1|  ap_ctrl_hs|  softmax_top_Pipeline_norm_loop|  return value|
|ap_ready                |  out|    1|  ap_ctrl_hs|  softmax_top_Pipeline_norm_loop|  return value|
|m_axi_gmem1_AWVALID     |  out|    1|       m_axi|                           gmem1|       pointer|
|m_axi_gmem1_AWREADY     |   in|    1|       m_axi|                           gmem1|       pointer|
|m_axi_gmem1_AWADDR      |  out|   64|       m_axi|                           gmem1|       pointer|
|m_axi_gmem1_AWID        |  out|    1|       m_axi|                           gmem1|       pointer|
|m_axi_gmem1_AWLEN       |  out|   32|       m_axi|                           gmem1|       pointer|
|m_axi_gmem1_AWSIZE      |  out|    3|       m_axi|                           gmem1|       pointer|
|m_axi_gmem1_AWBURST     |  out|    2|       m_axi|                           gmem1|       pointer|
|m_axi_gmem1_AWLOCK      |  out|    2|       m_axi|                           gmem1|       pointer|
|m_axi_gmem1_AWCACHE     |  out|    4|       m_axi|                           gmem1|       pointer|
|m_axi_gmem1_AWPROT      |  out|    3|       m_axi|                           gmem1|       pointer|
|m_axi_gmem1_AWQOS       |  out|    4|       m_axi|                           gmem1|       pointer|
|m_axi_gmem1_AWREGION    |  out|    4|       m_axi|                           gmem1|       pointer|
|m_axi_gmem1_AWUSER      |  out|    1|       m_axi|                           gmem1|       pointer|
|m_axi_gmem1_WVALID      |  out|    1|       m_axi|                           gmem1|       pointer|
|m_axi_gmem1_WREADY      |   in|    1|       m_axi|                           gmem1|       pointer|
|m_axi_gmem1_WDATA       |  out|  128|       m_axi|                           gmem1|       pointer|
|m_axi_gmem1_WSTRB       |  out|   16|       m_axi|                           gmem1|       pointer|
|m_axi_gmem1_WLAST       |  out|    1|       m_axi|                           gmem1|       pointer|
|m_axi_gmem1_WID         |  out|    1|       m_axi|                           gmem1|       pointer|
|m_axi_gmem1_WUSER       |  out|    1|       m_axi|                           gmem1|       pointer|
|m_axi_gmem1_ARVALID     |  out|    1|       m_axi|                           gmem1|       pointer|
|m_axi_gmem1_ARREADY     |   in|    1|       m_axi|                           gmem1|       pointer|
|m_axi_gmem1_ARADDR      |  out|   64|       m_axi|                           gmem1|       pointer|
|m_axi_gmem1_ARID        |  out|    1|       m_axi|                           gmem1|       pointer|
|m_axi_gmem1_ARLEN       |  out|   32|       m_axi|                           gmem1|       pointer|
|m_axi_gmem1_ARSIZE      |  out|    3|       m_axi|                           gmem1|       pointer|
|m_axi_gmem1_ARBURST     |  out|    2|       m_axi|                           gmem1|       pointer|
|m_axi_gmem1_ARLOCK      |  out|    2|       m_axi|                           gmem1|       pointer|
|m_axi_gmem1_ARCACHE     |  out|    4|       m_axi|                           gmem1|       pointer|
|m_axi_gmem1_ARPROT      |  out|    3|       m_axi|                           gmem1|       pointer|
|m_axi_gmem1_ARQOS       |  out|    4|       m_axi|                           gmem1|       pointer|
|m_axi_gmem1_ARREGION    |  out|    4|       m_axi|                           gmem1|       pointer|
|m_axi_gmem1_ARUSER      |  out|    1|       m_axi|                           gmem1|       pointer|
|m_axi_gmem1_RVALID      |   in|    1|       m_axi|                           gmem1|       pointer|
|m_axi_gmem1_RREADY      |  out|    1|       m_axi|                           gmem1|       pointer|
|m_axi_gmem1_RDATA       |   in|  128|       m_axi|                           gmem1|       pointer|
|m_axi_gmem1_RLAST       |   in|    1|       m_axi|                           gmem1|       pointer|
|m_axi_gmem1_RID         |   in|    1|       m_axi|                           gmem1|       pointer|
|m_axi_gmem1_RFIFONUM    |   in|    9|       m_axi|                           gmem1|       pointer|
|m_axi_gmem1_RUSER       |   in|    1|       m_axi|                           gmem1|       pointer|
|m_axi_gmem1_RRESP       |   in|    2|       m_axi|                           gmem1|       pointer|
|m_axi_gmem1_BVALID      |   in|    1|       m_axi|                           gmem1|       pointer|
|m_axi_gmem1_BREADY      |  out|    1|       m_axi|                           gmem1|       pointer|
|m_axi_gmem1_BRESP       |   in|    2|       m_axi|                           gmem1|       pointer|
|m_axi_gmem1_BID         |   in|    1|       m_axi|                           gmem1|       pointer|
|m_axi_gmem1_BUSER       |   in|    1|       m_axi|                           gmem1|       pointer|
|sext_ln25               |   in|   60|     ap_none|                       sext_ln25|        scalar|
|exp_buffer_address0     |  out|    3|   ap_memory|                      exp_buffer|         array|
|exp_buffer_ce0          |  out|    1|   ap_memory|                      exp_buffer|         array|
|exp_buffer_q0           |   in|   32|   ap_memory|                      exp_buffer|         array|
|inv_sum                 |   in|   32|     ap_none|                         inv_sum|        scalar|
|exp_buffer_1_address0   |  out|    3|   ap_memory|                    exp_buffer_1|         array|
|exp_buffer_1_ce0        |  out|    1|   ap_memory|                    exp_buffer_1|         array|
|exp_buffer_1_q0         |   in|   32|   ap_memory|                    exp_buffer_1|         array|
|exp_buffer_2_address0   |  out|    3|   ap_memory|                    exp_buffer_2|         array|
|exp_buffer_2_ce0        |  out|    1|   ap_memory|                    exp_buffer_2|         array|
|exp_buffer_2_q0         |   in|   32|   ap_memory|                    exp_buffer_2|         array|
|exp_buffer_3_address0   |  out|    3|   ap_memory|                    exp_buffer_3|         array|
|exp_buffer_3_ce0        |  out|    1|   ap_memory|                    exp_buffer_3|         array|
|exp_buffer_3_q0         |   in|   32|   ap_memory|                    exp_buffer_3|         array|
|exp_buffer_4_address0   |  out|    3|   ap_memory|                    exp_buffer_4|         array|
|exp_buffer_4_ce0        |  out|    1|   ap_memory|                    exp_buffer_4|         array|
|exp_buffer_4_q0         |   in|   32|   ap_memory|                    exp_buffer_4|         array|
|exp_buffer_5_address0   |  out|    3|   ap_memory|                    exp_buffer_5|         array|
|exp_buffer_5_ce0        |  out|    1|   ap_memory|                    exp_buffer_5|         array|
|exp_buffer_5_q0         |   in|   32|   ap_memory|                    exp_buffer_5|         array|
|exp_buffer_6_address0   |  out|    3|   ap_memory|                    exp_buffer_6|         array|
|exp_buffer_6_ce0        |  out|    1|   ap_memory|                    exp_buffer_6|         array|
|exp_buffer_6_q0         |   in|   32|   ap_memory|                    exp_buffer_6|         array|
|exp_buffer_7_address0   |  out|    3|   ap_memory|                    exp_buffer_7|         array|
|exp_buffer_7_ce0        |  out|    1|   ap_memory|                    exp_buffer_7|         array|
|exp_buffer_7_q0         |   in|   32|   ap_memory|                    exp_buffer_7|         array|
|exp_buffer_8_address0   |  out|    3|   ap_memory|                    exp_buffer_8|         array|
|exp_buffer_8_ce0        |  out|    1|   ap_memory|                    exp_buffer_8|         array|
|exp_buffer_8_q0         |   in|   32|   ap_memory|                    exp_buffer_8|         array|
|exp_buffer_9_address0   |  out|    3|   ap_memory|                    exp_buffer_9|         array|
|exp_buffer_9_ce0        |  out|    1|   ap_memory|                    exp_buffer_9|         array|
|exp_buffer_9_q0         |   in|   32|   ap_memory|                    exp_buffer_9|         array|
|exp_buffer_10_address0  |  out|    3|   ap_memory|                   exp_buffer_10|         array|
|exp_buffer_10_ce0       |  out|    1|   ap_memory|                   exp_buffer_10|         array|
|exp_buffer_10_q0        |   in|   32|   ap_memory|                   exp_buffer_10|         array|
|exp_buffer_11_address0  |  out|    3|   ap_memory|                   exp_buffer_11|         array|
|exp_buffer_11_ce0       |  out|    1|   ap_memory|                   exp_buffer_11|         array|
|exp_buffer_11_q0        |   in|   32|   ap_memory|                   exp_buffer_11|         array|
|exp_buffer_12_address0  |  out|    3|   ap_memory|                   exp_buffer_12|         array|
|exp_buffer_12_ce0       |  out|    1|   ap_memory|                   exp_buffer_12|         array|
|exp_buffer_12_q0        |   in|   32|   ap_memory|                   exp_buffer_12|         array|
|exp_buffer_13_address0  |  out|    3|   ap_memory|                   exp_buffer_13|         array|
|exp_buffer_13_ce0       |  out|    1|   ap_memory|                   exp_buffer_13|         array|
|exp_buffer_13_q0        |   in|   32|   ap_memory|                   exp_buffer_13|         array|
|exp_buffer_14_address0  |  out|    3|   ap_memory|                   exp_buffer_14|         array|
|exp_buffer_14_ce0       |  out|    1|   ap_memory|                   exp_buffer_14|         array|
|exp_buffer_14_q0        |   in|   32|   ap_memory|                   exp_buffer_14|         array|
|exp_buffer_15_address0  |  out|    3|   ap_memory|                   exp_buffer_15|         array|
|exp_buffer_15_ce0       |  out|    1|   ap_memory|                   exp_buffer_15|         array|
|exp_buffer_15_q0        |   in|   32|   ap_memory|                   exp_buffer_15|         array|
+------------------------+-----+-----+------------+--------------------------------+--------------+

