

================================================================
== Vitis HLS Report for 'softmax_top'
================================================================
* Date:           Wed Mar  4 04:07:50 2026

* Version:        2023.2 (Build 4023990 on Oct 11 2023)
* Project:        softmax_design4
* Solution:       solution (Vitis Kernel Flow Target)
* Product family: zynquplus
* Target device:  xck26-sfvc784-2LV-c


================================================================
== Performance Estimates
================================================================
+ Timing: 
    * Summary: 
    +--------+---------+----------+------------+
    |  Clock |  Target | Estimated| Uncertainty|
    +--------+---------+----------+------------+
    |ap_clk  |  4.00 ns|  4.903 ns|     1.08 ns|
    +--------+---------+----------+------------+

+ Latency: 
    * Summary: 
    +---------+---------+----------+----------+-----+-----+---------+
    |  Latency (cycles) |  Latency (absolute) |  Interval | Pipeline|
    |   min   |   max   |    min   |    max   | min | max |   Type  |
    +---------+---------+----------+----------+-----+-----+---------+
    |      925|      925|  4.535 us|  4.535 us|  926|  926|       no|
    +---------+---------+----------+----------+-----+-----+---------+

    + Detail: 
        * Instance: 
        +-------------------------------------------+--------------------------------+---------+---------+----------+----------+-----+-----+---------+
        |                                           |                                |  Latency (cycles) |  Latency (absolute) |  Interval | Pipeline|
        |                  Instance                 |             Module             |   min   |   max   |    min   |    max   | min | max |   Type  |
        +-------------------------------------------+--------------------------------+---------+---------+----------+----------+-----+-----+---------+
        |grp_softmax_top_Pipeline_exp_loop_fu_167   |softmax_top_Pipeline_exp_loop   |      720|      720|  3.530 us|  3.530 us|  720|  720|       no|
        |grp_softmax_top_Pipeline_norm_loop_fu_191  |softmax_top_Pipeline_norm_loop  |       34|       34|  0.136 us|  0.136 us|   34|   34|       no|
        +-------------------------------------------+--------------------------------+---------+---------+----------+----------+-----+-----+---------+

        * Loop: 
        N/A



================================================================
== Utilization Estimates
================================================================
* Summary: 
+-----------------+---------+------+--------+--------+-----+
|       Name      | BRAM_18K|  DSP |   FF   |   LUT  | URAM|
+-----------------+---------+------+--------+--------+-----+
|DSP              |        -|     -|       -|       -|    -|
|Expression       |        -|     -|       0|       2|    -|
|FIFO             |        -|     -|       -|       -|    -|
|Instance         |       32|    19|    5327|    5279|    0|
|Memory           |        0|     -|     512|      64|    0|
|Multiplexer      |        -|     -|       -|    1659|    -|
|Register         |        -|     -|     362|       -|    -|
+-----------------+---------+------+--------+--------+-----+
|Total            |       32|    19|    6201|    7004|    0|
+-----------------+---------+------+--------+--------+-----+
|Available        |      288|  1248|  234240|  117120|   64|
+-----------------+---------+------+--------+--------+-----+
|Utilization (%)  |       11|     1|       2|       5|    0|
+-----------------+---------+------+--------+--------+-----+

+ Detail: 
    * Instance: 
    +-------------------------------------------+--------------------------------+---------+----+------+------+-----+
    |                  Instance                 |             Module             | BRAM_18K| DSP|  FF  |  LUT | URAM|
    +-------------------------------------------+--------------------------------+---------+----+------+------+-----+
    |control_s_axi_U                            |control_s_axi                   |        0|   0|   176|   296|    0|
    |fdiv_32ns_32ns_32_29_no_dsp_1_U48          |fdiv_32ns_32ns_32_29_no_dsp_1   |        0|   0|     0|     0|    0|
    |gmem0_m_axi_U                              |gmem0_m_axi                     |       16|   0|   931|   901|    0|
    |gmem1_m_axi_U                              |gmem1_m_axi                     |       16|   0|   931|   901|    0|
    |grp_softmax_top_Pipeline_exp_loop_fu_167   |softmax_top_Pipeline_exp_loop   |        0|   7|  1907|  2284|    0|
    |grp_softmax_top_Pipeline_norm_loop_fu_191  |softmax_top_Pipeline_norm_loop  |        0|  12|  1382|   897|    0|
    +-------------------------------------------+--------------------------------+---------+----+------+------+-----+
    |Total                                      |                                |       32|  19|  5327|  5279|    0|
    +-------------------------------------------+--------------------------------+---------+----+------+------+-----+

    * DSP: 
    N/A

    * Memory: 
    +-----------------+--------------------------+---------+----+----+-----+------+-----+------+-------------+
    |      Memory     |          Module          | BRAM_18K| FF | LUT| URAM| Words| Bits| Banks| W*Bits*Banks|
    +-----------------+--------------------------+---------+----+----+-----+------+-----+------+-------------+
    |exp_buffer_U     |exp_buffer_RAM_AUTO_1R1W  |        0|  32|   4|    0|     7|   32|     1|          224|
    |exp_buffer_1_U   |exp_buffer_RAM_AUTO_1R1W  |        0|  32|   4|    0|     7|   32|     1|          224|
    |exp_buffer_2_U   |exp_buffer_RAM_AUTO_1R1W  |        0|  32|   4|    0|     7|   32|     1|          224|
    |exp_buffer_3_U   |exp_buffer_RAM_AUTO_1R1W  |        0|  32|   4|    0|     7|   32|     1|          224|
    |exp_buffer_4_U   |exp_buffer_RAM_AUTO_1R1W  |        0|  32|   4|    0|     7|   32|     1|          224|
    |exp_buffer_5_U   |exp_buffer_RAM_AUTO_1R1W  |        0|  32|   4|    0|     7|   32|     1|          224|
    |exp_buffer_6_U   |exp_buffer_RAM_AUTO_1R1W  |        0|  32|   4|    0|     7|   32|     1|          224|
    |exp_buffer_7_U   |exp_buffer_RAM_AUTO_1R1W  |        0|  32|   4|    0|     7|   32|     1|          224|
    |exp_buffer_8_U   |exp_buffer_RAM_AUTO_1R1W  |        0|  32|   4|    0|     7|   32|     1|          224|
    |exp_buffer_9_U   |exp_buffer_RAM_AUTO_1R1W  |        0|  32|   4|    0|     7|   32|     1|          224|
    |exp_buffer_10_U  |exp_buffer_RAM_AUTO_1R1W  |        0|  32|   4|    0|     7|   32|     1|          224|
    |exp_buffer_11_U  |exp_buffer_RAM_AUTO_1R1W  |        0|  32|   4|    0|     7|   32|     1|          224|
    |exp_buffer_12_U  |exp_buffer_RAM_AUTO_1R1W  |        0|  32|   4|    0|     7|   32|     1|          224|
    |exp_buffer_13_U  |exp_buffer_RAM_AUTO_1R1W  |        0|  32|   4|    0|     7|   32|     1|          224|
    |exp_buffer_14_U  |exp_buffer_RAM_AUTO_1R1W  |        0|  32|   4|    0|     7|   32|     1|          224|
    |exp_buffer_15_U  |exp_buffer_RAM_AUTO_1R1W  |        0|  32|   4|    0|     7|   32|     1|          224|
    +-----------------+--------------------------+---------+----+----+-----+------+-----+------+-------------+
    |Total            |                          |        0| 512|  64|    0|   112|  512|    16|         3584|
    +-----------------+--------------------------+---------+----+----+-----+------+-----+------+-------------+

    * FIFO: 
    N/A

    * Expression: 
    +-----------------+----------+----+---+----+------------+------------+
    |  Variable Name  | Operation| DSP| FF| LUT| Bitwidth P0| Bitwidth P1|
    +-----------------+----------+----+---+----+------------+------------+
    |ap_block_state1  |        or|   0|  0|   2|           1|           1|
    +-----------------+----------+----+---+----+------------+------------+
    |Total            |          |   0|  0|   2|           1|           1|
    +-----------------+----------+----+---+----+------------+------------+

    * Multiplexer: 
    +------------------------+-----+-----------+-----+-----------+
    |          Name          | LUT | Input Size| Bits| Total Bits|
    +------------------------+-----+-----------+-----+-----------+
    |ap_NS_fsm               |  915|        173|    1|        173|
    |ap_done                 |    9|          2|    1|          2|
    |exp_buffer_10_address0  |   14|          3|    3|          9|
    |exp_buffer_10_ce0       |   14|          3|    1|          3|
    |exp_buffer_10_we0       |    9|          2|    1|          2|
    |exp_buffer_11_address0  |   14|          3|    3|          9|
    |exp_buffer_11_ce0       |   14|          3|    1|          3|
    |exp_buffer_11_we0       |    9|          2|    1|          2|
    |exp_buffer_12_address0  |   14|          3|    3|          9|
    |exp_buffer_12_ce0       |   14|          3|    1|          3|
    |exp_buffer_12_we0       |    9|          2|    1|          2|
    |exp_buffer_13_address0  |   14|          3|    3|          9|
    |exp_buffer_13_ce0       |   14|          3|    1|          3|
    |exp_buffer_13_we0       |    9|          2|    1|          2|
    |exp_buffer_14_address0  |   14|          3|    3|          9|
    |exp_buffer_14_ce0       |   14|          3|    1|          3|
    |exp_buffer_14_we0       |    9|          2|    1|          2|
    |exp_buffer_15_address0  |   14|          3|    3|          9|
    |exp_buffer_15_ce0       |   14|          3|    1|          3|
    |exp_buffer_15_we0       |    9|          2|    1|          2|
    |exp_buffer_1_address0   |   14|          3|    3|          9|
    |exp_buffer_1_ce0        |   14|          3|    1|          3|
    |exp_buffer_1_we0        |    9|          2|    1|          2|
    |exp_buffer_2_address0   |   14|          3|    3|          9|
    |exp_buffer_2_ce0        |   14|          3|    1|          3|
    |exp_buffer_2_we0        |    9|          2|    1|          2|
    |exp_buffer_3_address0   |   14|          3|    3|          9|
    |exp_buffer_3_ce0        |   14|          3|    1|          3|
    |exp_buffer_3_we0        |    9|          2|    1|          2|
    |exp_buffer_4_address0   |   14|          3|    3|          9|
    |exp_buffer_4_ce0        |   14|          3|    1|          3|
    |exp_buffer_4_we0        |    9|          2|    1|          2|
    |exp_buffer_5_address0   |   14|          3|    3|          9|
    |exp_buffer_5_ce0        |   14|          3|    1|          3|
    |exp_buffer_5_we0        |    9|          2|    1|          2|
    |exp_buffer_6_address0   |   14|          3|    3|          9|
    |exp_buffer_6_ce0        |   14|          3|    1|          3|
    |exp_buffer_6_we0        |    9|          2|    1|          2|
    |exp_buffer_7_address0   |   14|          3|    3|          9|
    |exp_buffer_7_ce0        |   14|          3|    1|          3|
    |exp_buffer_7_we0        |    9|          2|    1|          2|
    |exp_buffer_8_address0   |   14|          3|    3|          9|
    |exp_buffer_8_ce0        |   14|          3|    1|          3|
    |exp_buffer_8_we0        |    9|          2|    1|          2|
    |exp_buffer_9_address0   |   14|          3|    3|          9|
    |exp_buffer_9_ce0        |   14|          3|    1|          3|
    |exp_buffer_9_we0        |    9|          2|    1|          2|
    |exp_buffer_address0     |   14|          3|    3|          9|
    |exp_buffer_ce0          |   14|          3|    1|          3|
    |exp_buffer_we0          |    9|          2|    1|          2|
    |gmem0_ARADDR            |   14|          3|   64|        192|
    |gmem0_ARLEN             |   14|          3|   32|         96|
    |gmem0_ARVALID           |   14|          3|    1|          3|
    |gmem0_RREADY            |    9|          2|    1|          2|
    |gmem0_blk_n_AR          |    9|          2|    1|          2|
    |gmem1_AWADDR            |   14|          3|   64|        192|
    |gmem1_AWLEN             |   14|          3|   32|         96|
    |gmem1_AWVALID           |   14|          3|    1|          3|
    |gmem1_BREADY            |   14|          3|    1|          3|
    |gmem1_WVALID            |    9|          2|    1|          2|
    |gmem1_blk_n_AW          |    9|          2|    1|          2|
    |gmem1_blk_n_B           |    9|          2|    1|          2|
    +------------------------+-----+-----------+-----+-----------+
    |Total                   | 1659|        334|  282|        994|
    +------------------------+-----+-----------+-----+-----------+

    * Register: 
    +--------------------------------------------------------+-----+----+-----+-----------+
    |                          Name                          |  FF | LUT| Bits| Const Bits|
    +--------------------------------------------------------+-----+----+-----+-----------+
    |ap_CS_fsm                                               |  172|   0|  172|          0|
    |ap_done_reg                                             |    1|   0|    1|          0|
    |ap_rst_n_inv                                            |    1|   0|    1|          0|
    |ap_rst_reg_1                                            |    1|   0|    1|          0|
    |ap_rst_reg_2                                            |    1|   0|    1|          0|
    |grp_softmax_top_Pipeline_exp_loop_fu_167_ap_start_reg   |    1|   0|    1|          0|
    |grp_softmax_top_Pipeline_norm_loop_fu_191_ap_start_reg  |    1|   0|    1|          0|
    |inv_sum_reg_296                                         |   32|   0|   32|          0|
    |sum_4_loc_fu_72                                         |   32|   0|   32|          0|
    |trunc_ln2_reg_277                                       |   60|   0|   60|          0|
    |trunc_ln_reg_271                                        |   60|   0|   60|          0|
    +--------------------------------------------------------+-----+----+-----+-----------+
    |Total                                                   |  362|   0|  362|          0|
    +--------------------------------------------------------+-----+----+-----+-----------+



================================================================
== Interface
================================================================
* Summary: 
+-----------------------+-----+-----+---------------+--------------+--------------+
|       RTL Ports       | Dir | Bits|    Protocol   | Source Object|    C Type    |
+-----------------------+-----+-----+---------------+--------------+--------------+
|s_axi_control_AWVALID  |   in|    1|          s_axi|       control|        scalar|
|s_axi_control_AWREADY  |  out|    1|          s_axi|       control|        scalar|
|s_axi_control_AWADDR   |   in|    6|          s_axi|       control|        scalar|
|s_axi_control_WVALID   |   in|    1|          s_axi|       control|        scalar|
|s_axi_control_WREADY   |  out|    1|          s_axi|       control|        scalar|
|s_axi_control_WDATA    |   in|   32|          s_axi|       control|        scalar|
|s_axi_control_WSTRB    |   in|    4|          s_axi|       control|        scalar|
|s_axi_control_ARVALID  |   in|    1|          s_axi|       control|        scalar|
|s_axi_control_ARREADY  |  out|    1|          s_axi|       control|        scalar|
|s_axi_control_ARADDR   |   in|    6|          s_axi|       control|        scalar|
|s_axi_control_RVALID   |  out|    1|          s_axi|       control|        scalar|
|s_axi_control_RREADY   |   in|    1|          s_axi|       control|        scalar|
|s_axi_control_RDATA    |  out|   32|          s_axi|       control|        scalar|
|s_axi_control_RRESP    |  out|    2|          s_axi|       control|        scalar|
|s_axi_control_BVALID   |  out|    1|          s_axi|       control|        scalar|
|s_axi_control_BREADY   |   in|    1|          s_axi|       control|        scalar|
|s_axi_control_BRESP    |  out|    2|          s_axi|       control|        scalar|
|ap_clk                 |   in|    1|  ap_ctrl_chain|   softmax_top|  return value|
|ap_rst_n               |   in|    1|  ap_ctrl_chain|   softmax_top|  return value|
|interrupt              |  out|    1|  ap_ctrl_chain|   softmax_top|  return value|
|m_axi_gmem0_AWVALID    |  out|    1|          m_axi|         gmem0|       pointer|
|m_axi_gmem0_AWREADY    |   in|    1|          m_axi|         gmem0|       pointer|
|m_axi_gmem0_AWADDR     |  out|   64|          m_axi|         gmem0|       pointer|
|m_axi_gmem0_AWID       |  out|    1|          m_axi|         gmem0|       pointer|
|m_axi_gmem0_AWLEN      |  out|    8|          m_axi|         gmem0|       pointer|
|m_axi_gmem0_AWSIZE     |  out|    3|          m_axi|         gmem0|       pointer|
|m_axi_gmem0_AWBURST    |  out|    2|          m_axi|         gmem0|       pointer|
|m_axi_gmem0_AWLOCK     |  out|    2|          m_axi|         gmem0|       pointer|
|m_axi_gmem0_AWCACHE    |  out|    4|          m_axi|         gmem0|       pointer|
|m_axi_gmem0_AWPROT     |  out|    3|          m_axi|         gmem0|       pointer|
|m_axi_gmem0_AWQOS      |  out|    4|          m_axi|         gmem0|       pointer|
|m_axi_gmem0_AWREGION   |  out|    4|          m_axi|         gmem0|       pointer|
|m_axi_gmem0_AWUSER     |  out|    1|          m_axi|         gmem0|       pointer|
|m_axi_gmem0_WVALID     |  out|    1|          m_axi|         gmem0|       pointer|
|m_axi_gmem0_WREADY     |   in|    1|          m_axi|         gmem0|       pointer|
|m_axi_gmem0_WDATA      |  out|  128|          m_axi|         gmem0|       pointer|
|m_axi_gmem0_WSTRB      |  out|   16|          m_axi|         gmem0|       pointer|
|m_axi_gmem0_WLAST      |  out|    1|          m_axi|         gmem0|       pointer|
|m_axi_gmem0_WID        |  out|    1|          m_axi|         gmem0|       pointer|
|m_axi_gmem0_WUSER      |  out|    1|          m_axi|         gmem0|       pointer|
|m_axi_gmem0_ARVALID    |  out|    1|          m_axi|         gmem0|       pointer|
|m_axi_gmem0_ARREADY    |   in|    1|          m_axi|         gmem0|       pointer|
|m_axi_gmem0_ARADDR     |  out|   64|          m_axi|         gmem0|       pointer|
|m_axi_gmem0_ARID       |  out|    1|          m_axi|         gmem0|       pointer|
|m_axi_gmem0_ARLEN      |  out|    8|          m_axi|         gmem0|       pointer|
|m_axi_gmem0_ARSIZE     |  out|    3|          m_axi|         gmem0|       pointer|
|m_axi_gmem0_ARBURST    |  out|    2|          m_axi|         gmem0|       pointer|
|m_axi_gmem0_ARLOCK     |  out|    2|          m_axi|         gmem0|       pointer|
|m_axi_gmem0_ARCACHE    |  out|    4|          m_axi|         gmem0|       pointer|
|m_axi_gmem0_ARPROT     |  out|    3|          m_axi|         gmem0|       pointer|
|m_axi_gmem0_ARQOS      |  out|    4|          m_axi|         gmem0|       pointer|
|m_axi_gmem0_ARREGION   |  out|    4|          m_axi|         gmem0|       pointer|
|m_axi_gmem0_ARUSER     |  out|    1|          m_axi|         gmem0|       pointer|
|m_axi_gmem0_RVALID     |   in|    1|          m_axi|         gmem0|       pointer|
|m_axi_gmem0_RREADY     |  out|    1|          m_axi|         gmem0|       pointer|
|m_axi_gmem0_RDATA      |   in|  128|          m_axi|         gmem0|       pointer|
|m_axi_gmem0_RLAST      |   in|    1|          m_axi|         gmem0|       pointer|
|m_axi_gmem0_RID        |   in|    1|          m_axi|         gmem0|       pointer|
|m_axi_gmem0_RUSER      |   in|    1|          m_axi|         gmem0|       pointer|
|m_axi_gmem0_RRESP      |   in|    2|          m_axi|         gmem0|       pointer|
|m_axi_gmem0_BVALID     |   in|    1|          m_axi|         gmem0|       pointer|
|m_axi_gmem0_BREADY     |  out|    1|          m_axi|         gmem0|       pointer|
|m_axi_gmem0_BRESP      |   in|    2|          m_axi|         gmem0|       pointer|
|m_axi_gmem0_BID        |   in|    1|          m_axi|         gmem0|       pointer|
|m_axi_gmem0_BUSER      |   in|    1|          m_axi|         gmem0|       pointer|
|m_axi_gmem1_AWVALID    |  out|    1|          m_axi|         gmem1|       pointer|
|m_axi_gmem1_AWREADY    |   in|    1|          m_axi|         gmem1|       pointer|
|m_axi_gmem1_AWADDR     |  out|   64|          m_axi|         gmem1|       pointer|
|m_axi_gmem1_AWID       |  out|    1|          m_axi|         gmem1|       pointer|
|m_axi_gmem1_AWLEN      |  out|    8|          m_axi|         gmem1|       pointer|
|m_axi_gmem1_AWSIZE     |  out|    3|          m_axi|         gmem1|       pointer|
|m_axi_gmem1_AWBURST    |  out|    2|          m_axi|         gmem1|       pointer|
|m_axi_gmem1_AWLOCK     |  out|    2|          m_axi|         gmem1|       pointer|
|m_axi_gmem1_AWCACHE    |  out|    4|          m_axi|         gmem1|       pointer|
|m_axi_gmem1_AWPROT     |  out|    3|          m_axi|         gmem1|       pointer|
|m_axi_gmem1_AWQOS      |  out|    4|          m_axi|         gmem1|       pointer|
|m_axi_gmem1_AWREGION   |  out|    4|          m_axi|         gmem1|       pointer|
|m_axi_gmem1_AWUSER     |  out|    1|          m_axi|         gmem1|       pointer|
|m_axi_gmem1_WVALID     |  out|    1|          m_axi|         gmem1|       pointer|
|m_axi_gmem1_WREADY     |   in|    1|          m_axi|         gmem1|       pointer|
|m_axi_gmem1_WDATA      |  out|  128|          m_axi|         gmem1|       pointer|
|m_axi_gmem1_WSTRB      |  out|   16|          m_axi|         gmem1|       pointer|
|m_axi_gmem1_WLAST      |  out|    1|          m_axi|         gmem1|       pointer|
|m_axi_gmem1_WID        |  out|    1|          m_axi|         gmem1|       pointer|
|m_axi_gmem1_WUSER      |  out|    1|          m_axi|         gmem1|       pointer|
|m_axi_gmem1_ARVALID    |  out|    1|          m_axi|         gmem1|       pointer|
|m_axi_gmem1_ARREADY    |   in|    1|          m_axi|         gmem1|       pointer|
|m_axi_gmem1_ARADDR     |  out|   64|          m_axi|         gmem1|       pointer|
|m_axi_gmem1_ARID       |  out|    1|          m_axi|         gmem1|       pointer|
|m_axi_gmem1_ARLEN      |  out|    8|          m_axi|         gmem1|       pointer|
|m_axi_gmem1_ARSIZE     |  out|    3|          m_axi|         gmem1|       pointer|
|m_axi_gmem1_ARBURST    |  out|    2|          m_axi|         gmem1|       pointer|
|m_axi_gmem1_ARLOCK     |  out|    2|          m_axi|         gmem1|       pointer|
|m_axi_gmem1_ARCACHE    |  out|    4|          m_axi|         gmem1|       pointer|
|m_axi_gmem1_ARPROT     |  out|    3|          m_axi|         gmem1|       pointer|
|m_axi_gmem1_ARQOS      |  out|    4|          m_axi|         gmem1|       pointer|
|m_axi_gmem1_ARREGION   |  out|    4|          m_axi|         gmem1|       pointer|
|m_axi_gmem1_ARUSER     |  out|    1|          m_axi|         gmem1|       pointer|
|m_axi_gmem1_RVALID     |   in|    1|          m_axi|         gmem1|       pointer|
|m_axi_gmem1_RREADY     |  out|    1|          m_axi|         gmem1|       pointer|
|m_axi_gmem1_RDATA      |   in|  128|          m_axi|         gmem1|       pointer|
|m_axi_gmem1_RLAST      |   in|    1|          m_axi|         gmem1|       pointer|
|m_axi_gmem1_RID        |   in|    1|          m_axi|         gmem1|       pointer|
|m_axi_gmem1_RUSER      |   in|    1|          m_axi|         gmem1|       pointer|
|m_axi_gmem1_RRESP      |   in|    2|          m_axi|         gmem1|       pointer|
|m_axi_gmem1_BVALID     |   in|    1|          m_axi|         gmem1|       pointer|
|m_axi_gmem1_BREADY     |  out|    1|          m_axi|         gmem1|       pointer|
|m_axi_gmem1_BRESP      |   in|    2|          m_axi|         gmem1|       pointer|
|m_axi_gmem1_BID        |   in|    1|          m_axi|         gmem1|       pointer|
|m_axi_gmem1_BUSER      |   in|    1|          m_axi|         gmem1|       pointer|
+-----------------------+-----+-----+---------------+--------------+--------------+

