

================================================================
== Vitis HLS Report for 'softmax_top'
================================================================
* Date:           Sun Mar  1 09:16:12 2026

* Version:        2024.1 (Build 5069499 on May 21 2024)
* Project:        softmax_design1
* Solution:       solution (Vitis Kernel Flow Target)
* Product family: zynquplus
* Target device:  xck26-sfvc784-2LV-c


================================================================
== Performance Estimates
================================================================
+ Timing: 
    * Summary: 
    +--------+---------+----------+------------+
    |  Clock |  Target | Estimated| Uncertainty|
    +--------+---------+----------+------------+
    |ap_clk  |  4.00 ns|  2.920 ns|     1.08 ns|
    +--------+---------+----------+------------+

+ Latency: 
    * Summary: 
    +---------+---------+----------+----------+------+------+---------+
    |  Latency (cycles) |  Latency (absolute) |   Interval  | Pipeline|
    |   min   |   max   |    min   |    max   |  min |  max |   Type  |
    +---------+---------+----------+----------+------+------+---------+
    |     1199|     1199|  4.796 us|  4.796 us|  1200|  1200|       no|
    +---------+---------+----------+----------+------+------+---------+

    + Detail: 
        * Instance: 
        +-------------------------------------------------+--------------------------------------+---------+---------+----------+----------+-----+-----+-----------------------------------------------+
        |                                                 |                                      |  Latency (cycles) |  Latency (absolute) |  Interval |                    Pipeline                   |
        |                     Instance                    |                Module                |   min   |   max   |    min   |    max   | min | max |                      Type                     |
        +-------------------------------------------------+--------------------------------------+---------+---------+----------+----------+-----+-----+-----------------------------------------------+
        |grp_softmax_top_Pipeline_VITIS_LOOP_21_1_fu_103  |softmax_top_Pipeline_VITIS_LOOP_21_1  |      923|      923|  3.692 us|  3.692 us|  909|  909|  loop auto-rewind stp(delay=0 clock cycles(s))|
        |grp_softmax_top_Pipeline_VITIS_LOOP_27_2_fu_112  |softmax_top_Pipeline_VITIS_LOOP_27_2  |      132|      132|  0.528 us|  0.528 us|  101|  101|  loop auto-rewind stp(delay=0 clock cycles(s))|
        +-------------------------------------------------+--------------------------------------+---------+---------+----------+----------+-----+-----+-----------------------------------------------+

        * Loop: 
        N/A



================================================================
== Utilization Estimates
================================================================
* Summary: 
+-----------------+---------+------+--------+--------+-----+
|       Name      | BRAM_18K|  DSP |   FF   |   LUT  | URAM|
+-----------------+---------+------+--------+--------+-----+
|DSP              |        -|     -|       -|       -|    -|
|Expression       |        -|     -|       0|       2|    -|
|FIFO             |        -|     -|       -|       -|    -|
|Instance         |       16|     9|    2813|    2968|    0|
|Memory           |        1|     -|       0|       0|    0|
|Multiplexer      |        -|     -|       0|     958|    -|
|Register         |        -|     -|     271|       -|    -|
+-----------------+---------+------+--------+--------+-----+
|Total            |       17|     9|    3084|    3928|    0|
+-----------------+---------+------+--------+--------+-----+
|Available        |      288|  1248|  234240|  117120|   64|
+-----------------+---------+------+--------+--------+-----+
|Utilization (%)  |        5|    ~0|       1|       3|    0|
+-----------------+---------+------+--------+--------+-----+

+ Detail: 
    * Instance: 
    +-------------------------------------------------+--------------------------------------+---------+----+------+------+-----+
    |                     Instance                    |                Module                | BRAM_18K| DSP|  FF  |  LUT | URAM|
    +-------------------------------------------------+--------------------------------------+---------+----+------+------+-----+
    |control_s_axi_U                                  |control_s_axi                         |        0|   0|   176|   296|    0|
    |gmem_m_axi_U                                     |gmem_m_axi                            |       16|   0|   925|   889|    0|
    |grp_softmax_top_Pipeline_VITIS_LOOP_21_1_fu_103  |softmax_top_Pipeline_VITIS_LOOP_21_1  |        0|   9|  1417|  1563|    0|
    |grp_softmax_top_Pipeline_VITIS_LOOP_27_2_fu_112  |softmax_top_Pipeline_VITIS_LOOP_27_2  |        0|   0|   295|   220|    0|
    +-------------------------------------------------+--------------------------------------+---------+----+------+------+-----+
    |Total                                            |                                      |       16|   9|  2813|  2968|    0|
    +-------------------------------------------------+--------------------------------------+---------+----+------+------+-----+

    * DSP: 
    N/A

    * Memory: 
    +--------------+--------------------------+---------+---+----+-----+------+-----+------+-------------+
    |    Memory    |          Module          | BRAM_18K| FF| LUT| URAM| Words| Bits| Banks| W*Bits*Banks|
    +--------------+--------------------------+---------+---+----+-----+------+-----+------+-------------+
    |exp_buffer_U  |exp_buffer_RAM_AUTO_1R1W  |        1|  0|   0|    0|   100|   32|     1|         3200|
    +--------------+--------------------------+---------+---+----+-----+------+-----+------+-------------+
    |Total         |                          |        1|  0|   0|    0|   100|   32|     1|         3200|
    +--------------+--------------------------+---------+---+----+-----+------+-----+------+-------------+

    * FIFO: 
    N/A

    * Expression: 
    +-----------------+----------+----+---+----+------------+------------+
    |  Variable Name  | Operation| DSP| FF| LUT| Bitwidth P0| Bitwidth P1|
    +-----------------+----------+----+---+----+------------+------------+
    |ap_block_state1  |        or|   0|  0|   2|           1|           1|
    +-----------------+----------+----+---+----+------------+------------+
    |Total            |          |   0|  0|   2|           1|           1|
    +-----------------+----------+----+---+----+------------+------------+

    * Multiplexer: 
    +---------------------+-----+-----------+-----+-----------+
    |         Name        | LUT | Input Size| Bits| Total Bits|
    +---------------------+-----+-----------+-----+-----------+
    |ap_NS_fsm            |  769|        146|    1|        146|
    |ap_done              |    9|          2|    1|          2|
    |exp_buffer_address0  |   14|          3|    7|         21|
    |exp_buffer_ce0       |   14|          3|    1|          3|
    |exp_buffer_we0       |    9|          2|    1|          2|
    |gmem_ARADDR          |   14|          3|   64|        192|
    |gmem_ARLEN           |   14|          3|   32|         96|
    |gmem_ARVALID         |   14|          3|    1|          3|
    |gmem_AWADDR          |   14|          3|   64|        192|
    |gmem_AWLEN           |   14|          3|   32|         96|
    |gmem_AWVALID         |   14|          3|    1|          3|
    |gmem_BREADY          |   14|          3|    1|          3|
    |gmem_RREADY          |    9|          2|    1|          2|
    |gmem_WVALID          |    9|          2|    1|          2|
    |gmem_blk_n_AR        |    9|          2|    1|          2|
    |gmem_blk_n_AW        |    9|          2|    1|          2|
    |gmem_blk_n_B         |    9|          2|    1|          2|
    +---------------------+-----+-----------+-----+-----------+
    |Total                |  958|        187|  211|        769|
    +---------------------+-----+-----------+-----+-----------+

    * Register: 
    +--------------------------------------------------------------+-----+----+-----+-----------+
    |                             Name                             |  FF | LUT| Bits| Const Bits|
    +--------------------------------------------------------------+-----+----+-----+-----------+
    |ap_CS_fsm                                                     |  145|   0|  145|          0|
    |ap_done_reg                                                   |    1|   0|    1|          0|
    |ap_rst_n_inv                                                  |    1|   0|    1|          0|
    |ap_rst_reg_1                                                  |    1|   0|    1|          0|
    |ap_rst_reg_2                                                  |    1|   0|    1|          0|
    |grp_softmax_top_Pipeline_VITIS_LOOP_21_1_fu_103_ap_start_reg  |    1|   0|    1|          0|
    |grp_softmax_top_Pipeline_VITIS_LOOP_27_2_fu_112_ap_start_reg  |    1|   0|    1|          0|
    |trunc_ln1_reg_177                                             |   60|   0|   60|          0|
    |trunc_ln_reg_171                                              |   60|   0|   60|          0|
    +--------------------------------------------------------------+-----+----+-----+-----------+
    |Total                                                         |  271|   0|  271|          0|
    +--------------------------------------------------------------+-----+----+-----+-----------+



================================================================
== Interface
================================================================
* Summary: 
+-----------------------+-----+-----+---------------+--------------+--------------+
|       RTL Ports       | Dir | Bits|    Protocol   | Source Object|    C Type    |
+-----------------------+-----+-----+---------------+--------------+--------------+
|s_axi_control_AWVALID  |   in|    1|          s_axi|       control|        scalar|
|s_axi_control_AWREADY  |  out|    1|          s_axi|       control|        scalar|
|s_axi_control_AWADDR   |   in|    6|          s_axi|       control|        scalar|
|s_axi_control_WVALID   |   in|    1|          s_axi|       control|        scalar|
|s_axi_control_WREADY   |  out|    1|          s_axi|       control|        scalar|
|s_axi_control_WDATA    |   in|   32|          s_axi|       control|        scalar|
|s_axi_control_WSTRB    |   in|    4|          s_axi|       control|        scalar|
|s_axi_control_ARVALID  |   in|    1|          s_axi|       control|        scalar|
|s_axi_control_ARREADY  |  out|    1|          s_axi|       control|        scalar|
|s_axi_control_ARADDR   |   in|    6|          s_axi|       control|        scalar|
|s_axi_control_RVALID   |  out|    1|          s_axi|       control|        scalar|
|s_axi_control_RREADY   |   in|    1|          s_axi|       control|        scalar|
|s_axi_control_RDATA    |  out|   32|          s_axi|       control|        scalar|
|s_axi_control_RRESP    |  out|    2|          s_axi|       control|        scalar|
|s_axi_control_BVALID   |  out|    1|          s_axi|       control|        scalar|
|s_axi_control_BREADY   |   in|    1|          s_axi|       control|        scalar|
|s_axi_control_BRESP    |  out|    2|          s_axi|       control|        scalar|
|ap_clk                 |   in|    1|  ap_ctrl_chain|   softmax_top|  return value|
|ap_rst_n               |   in|    1|  ap_ctrl_chain|   softmax_top|  return value|
|interrupt              |  out|    1|  ap_ctrl_chain|   softmax_top|  return value|
|m_axi_gmem_AWVALID     |  out|    1|          m_axi|          gmem|       pointer|
|m_axi_gmem_AWREADY     |   in|    1|          m_axi|          gmem|       pointer|
|m_axi_gmem_AWADDR      |  out|   64|          m_axi|          gmem|       pointer|
|m_axi_gmem_AWID        |  out|    1|          m_axi|          gmem|       pointer|
|m_axi_gmem_AWLEN       |  out|    8|          m_axi|          gmem|       pointer|
|m_axi_gmem_AWSIZE      |  out|    3|          m_axi|          gmem|       pointer|
|m_axi_gmem_AWBURST     |  out|    2|          m_axi|          gmem|       pointer|
|m_axi_gmem_AWLOCK      |  out|    2|          m_axi|          gmem|       pointer|
|m_axi_gmem_AWCACHE     |  out|    4|          m_axi|          gmem|       pointer|
|m_axi_gmem_AWPROT      |  out|    3|          m_axi|          gmem|       pointer|
|m_axi_gmem_AWQOS       |  out|    4|          m_axi|          gmem|       pointer|
|m_axi_gmem_AWREGION    |  out|    4|          m_axi|          gmem|       pointer|
|m_axi_gmem_AWUSER      |  out|    1|          m_axi|          gmem|       pointer|
|m_axi_gmem_WVALID      |  out|    1|          m_axi|          gmem|       pointer|
|m_axi_gmem_WREADY      |   in|    1|          m_axi|          gmem|       pointer|
|m_axi_gmem_WDATA       |  out|  128|          m_axi|          gmem|       pointer|
|m_axi_gmem_WSTRB       |  out|   16|          m_axi|          gmem|       pointer|
|m_axi_gmem_WLAST       |  out|    1|          m_axi|          gmem|       pointer|
|m_axi_gmem_WID         |  out|    1|          m_axi|          gmem|       pointer|
|m_axi_gmem_WUSER       |  out|    1|          m_axi|          gmem|       pointer|
|m_axi_gmem_ARVALID     |  out|    1|          m_axi|          gmem|       pointer|
|m_axi_gmem_ARREADY     |   in|    1|          m_axi|          gmem|       pointer|
|m_axi_gmem_ARADDR      |  out|   64|          m_axi|          gmem|       pointer|
|m_axi_gmem_ARID        |  out|    1|          m_axi|          gmem|       pointer|
|m_axi_gmem_ARLEN       |  out|    8|          m_axi|          gmem|       pointer|
|m_axi_gmem_ARSIZE      |  out|    3|          m_axi|          gmem|       pointer|
|m_axi_gmem_ARBURST     |  out|    2|          m_axi|          gmem|       pointer|
|m_axi_gmem_ARLOCK      |  out|    2|          m_axi|          gmem|       pointer|
|m_axi_gmem_ARCACHE     |  out|    4|          m_axi|          gmem|       pointer|
|m_axi_gmem_ARPROT      |  out|    3|          m_axi|          gmem|       pointer|
|m_axi_gmem_ARQOS       |  out|    4|          m_axi|          gmem|       pointer|
|m_axi_gmem_ARREGION    |  out|    4|          m_axi|          gmem|       pointer|
|m_axi_gmem_ARUSER      |  out|    1|          m_axi|          gmem|       pointer|
|m_axi_gmem_RVALID      |   in|    1|          m_axi|          gmem|       pointer|
|m_axi_gmem_RREADY      |  out|    1|          m_axi|          gmem|       pointer|
|m_axi_gmem_RDATA       |   in|  128|          m_axi|          gmem|       pointer|
|m_axi_gmem_RLAST       |   in|    1|          m_axi|          gmem|       pointer|
|m_axi_gmem_RID         |   in|    1|          m_axi|          gmem|       pointer|
|m_axi_gmem_RUSER       |   in|    1|          m_axi|          gmem|       pointer|
|m_axi_gmem_RRESP       |   in|    2|          m_axi|          gmem|       pointer|
|m_axi_gmem_BVALID      |   in|    1|          m_axi|          gmem|       pointer|
|m_axi_gmem_BREADY      |  out|    1|          m_axi|          gmem|       pointer|
|m_axi_gmem_BRESP       |   in|    2|          m_axi|          gmem|       pointer|
|m_axi_gmem_BID         |   in|    1|          m_axi|          gmem|       pointer|
|m_axi_gmem_BUSER       |   in|    1|          m_axi|          gmem|       pointer|
+-----------------------+-----+-----+---------------+--------------+--------------+

