

================================================================
== Synthesis Summary Report of 'softmax_top'
================================================================
+ General Information: 
    * Date:           Wed Mar  4 07:12:09 2026
    * Version:        2024.1 (Build 5069499 on May 21 2024)
    * Project:        softmax_design5
    * Solution:       solution (Vitis Kernel Flow Target)
    * Product family: zynquplus
    * Target device:  xck26-sfvc784-2LV-c
    

+ Performance & Resource Estimates: 
    
    PS: '+' for module; 'o' for loop; '*' for dataflow
    +-----------------------------------------+------+------+---------+-----------+----------+---------+------+----------+---------+---------+------------+-----------+-----+
    |                 Modules                 | Issue|      | Latency |  Latency  | Iteration|         | Trip |          |         |         |            |           |     |
    |                 & Loops                 | Type | Slack| (cycles)|    (ns)   |  Latency | Interval| Count| Pipelined|  BRAM   |   DSP   |     FF     |    LUT    | URAM|
    +-----------------------------------------+------+------+---------+-----------+----------+---------+------+----------+---------+---------+------------+-----------+-----+
    |+ softmax_top                            |     -|  0.00|      924|  3.696e+03|         -|      925|     -|        no|  24 (8%)|  7 (~0%)|   3353 (1%)|  4227 (3%)|    -|
    | + softmax_top_Pipeline_VITIS_LOOP_22_1  |     -|  0.00|      723|  2.892e+03|         -|      723|     -|        no|        -|  7 (~0%)|  1490 (~0%)|  1731 (1%)|    -|
    |  o VITIS_LOOP_22_1                      |    II|  2.92|      721|  2.884e+03|        29|        7|   100|       yes|        -|        -|           -|          -|    -|
    | + softmax_top_Pipeline_VITIS_LOOP_30_2  |     -|  0.00|       57|    228.000|         -|       57|     -|        no|        -|        -|   491 (~0%)|  204 (~0%)|    -|
    |  o VITIS_LOOP_30_2                      |    II|  2.92|       55|    220.000|        33|        2|    12|       yes|        -|        -|           -|          -|    -|
    +-----------------------------------------+------+------+---------+-----------+----------+---------+------+----------+---------+---------+------------+-----------+-----+


================================================================
== HW Interfaces
================================================================
* M_AXI
+------------+------------+------------+---------------+---------+--------+----------+-----------+--------------+--------------+-------------+-------------+-------------------+
| Interface  | Read/Write | Data Width | Address Width | Latency | Offset | Register | Max Widen | Max Read     | Max Write    | Num Read    | Num Write   | Resource Estimate |
|            |            | (SW->HW)   |               |         |        |          | Bitwidth  | Burst Length | Burst Length | Outstanding | Outstanding |                   |
+------------+------------+------------+---------------+---------+--------+----------+-----------+--------------+--------------+-------------+-------------+-------------------+
| m_axi_gmem | READ_WRITE | 32 -> 128  | 64            | 64      | slave  | 0        | 512       | 16           | 16           | 16          | 16          | BRAM=16           |
+------------+------------+------------+---------------+---------+--------+----------+-----------+--------------+--------------+-------------+-------------+-------------------+

* S_AXILITE Interfaces
+---------------+------------+---------------+--------+----------+
| Interface     | Data Width | Address Width | Offset | Register |
+---------------+------------+---------------+--------+----------+
| s_axi_control | 32         | 6             | 16     | 0        |
+---------------+------------+---------------+--------+----------+

* S_AXILITE Registers
+---------------+----------+--------+-------+--------+----------------------------------+------------------------------------------------------------------------------------+
| Interface     | Register | Offset | Width | Access | Description                      | Bit Fields                                                                         |
+---------------+----------+--------+-------+--------+----------------------------------+------------------------------------------------------------------------------------+
| s_axi_control | CTRL     | 0x00   | 32    | RW     | Control signals                  | 0=AP_START 1=AP_DONE 2=AP_IDLE 3=AP_READY 4=AP_CONTINUE 7=AUTO_RESTART 9=INTERRUPT |
| s_axi_control | GIER     | 0x04   | 32    | RW     | Global Interrupt Enable Register | 0=Enable                                                                           |
| s_axi_control | IP_IER   | 0x08   | 32    | RW     | IP Interrupt Enable Register     | 0=CHAN0_INT_EN 1=CHAN1_INT_EN                                                      |
| s_axi_control | IP_ISR   | 0x0c   | 32    | RW     | IP Interrupt Status Register     | 0=CHAN0_INT_ST 1=CHAN1_INT_ST                                                      |
| s_axi_control | in_r_1   | 0x10   | 32    | W      | Data signal of in_r              |                                                                                    |
| s_axi_control | in_r_2   | 0x14   | 32    | W      | Data signal of in_r              |                                                                                    |
| s_axi_control | out_r_1  | 0x1c   | 32    | W      | Data signal of out_r             |                                                                                    |
| s_axi_control | out_r_2  | 0x20   | 32    | W      | Data signal of out_r             |                                                                                    |
+---------------+----------+--------+-------+--------+----------------------------------+------------------------------------------------------------------------------------+

* TOP LEVEL CONTROL
+-----------+---------------+-----------+
| Interface | Type          | Ports     |
+-----------+---------------+-----------+
| ap_clk    | clock         | ap_clk    |
| ap_rst_n  | reset         | ap_rst_n  |
| interrupt | interrupt     | interrupt |
| ap_ctrl   | ap_ctrl_chain |           |
+-----------+---------------+-----------+


================================================================
== SW I/O Information
================================================================
* Top Function Arguments
+----------+-----------+---------------+
| Argument | Direction | Datatype      |
+----------+-----------+---------------+
| in       | inout     | float const * |
| out      | inout     | float*        |
+----------+-----------+---------------+

* SW-to-HW Mapping
+----------+---------------+-----------+----------+-----------------------------------+
| Argument | HW Interface  | HW Type   | HW Usage | HW Info                           |
+----------+---------------+-----------+----------+-----------------------------------+
| in       | m_axi_gmem    | interface |          | channel=0                         |
| in       | s_axi_control | register  | offset   | name=in_r_1 offset=0x10 range=32  |
| in       | s_axi_control | register  | offset   | name=in_r_2 offset=0x14 range=32  |
| out      | m_axi_gmem    | interface |          | channel=0                         |
| out      | s_axi_control | register  | offset   | name=out_r_1 offset=0x1c range=32 |
| out      | s_axi_control | register  | offset   | name=out_r_2 offset=0x20 range=32 |
+----------+---------------+-----------+----------+-----------------------------------+


================================================================
== M_AXI Burst Information
================================================================
 Note: All burst requests might be further partitioned into multiple requests during RTL generation based on max_read_burst_length or max_write_burst_length settings.

* Inferred Burst Summary
+--------------+-----------+--------+-------+-----------------+-------------------+
| HW Interface | Direction | Length | Width | Loop            | Loop Location     |
+--------------+-----------+--------+-------+-----------------+-------------------+
| m_axi_gmem   | read      | 25     | 128   |                 |                   |
| m_axi_gmem   | write     | 25     | 128   | VITIS_LOOP_30_2 | softmax.cpp:30:22 |
+--------------+-----------+--------+-------+-----------------+-------------------+

* All M_AXI Variable Accesses
+--------------+----------+-------------------+-----------+--------------+--------+-----------------+-------------------+
| HW Interface | Variable | Access Location   | Direction | Burst Status | Length | Loop            | Loop Location     |
+--------------+----------+-------------------+-----------+--------------+--------+-----------------+-------------------+
| m_axi_gmem   | in       | softmax.cpp:25:28 | read      | Widened      | 25     | VITIS_LOOP_22_1 | softmax.cpp:22:19 |
| m_axi_gmem   | in       | softmax.cpp:25:28 | read      | Inferred     | 100    | VITIS_LOOP_22_1 | softmax.cpp:22:19 |
| m_axi_gmem   | out      | softmax.cpp:33:9  | write     | Widened      | 25     | VITIS_LOOP_30_2 | softmax.cpp:30:22 |
| m_axi_gmem   | out      | softmax.cpp:33:9  | write     | Inferred     | 100    | VITIS_LOOP_30_2 | softmax.cpp:30:22 |
+--------------+----------+-------------------+-----------+--------------+--------+-----------------+-------------------+


================================================================
== Bind Op Report
================================================================
+-----------------------------------------+-----+--------+-----------+-------+---------+---------+
| Name                                    | DSP | Pragma | Variable  | Op    | Impl    | Latency |
+-----------------------------------------+-----+--------+-----------+-------+---------+---------+
| + softmax_top                           | 7   |        |           |       |         |         |
|  + softmax_top_Pipeline_VITIS_LOOP_22_1 | 7   |        |           |       |         |         |
|    icmp_ln22_fu_230_p2                  |     |        | icmp_ln22 | seteq | auto    | 0       |
|    add_ln22_fu_236_p2                   |     |        | add_ln22  | add   | fabric  | 0       |
|    icmp_ln25_fu_256_p2                  |     |        | icmp_ln25 | seteq | auto    | 0       |
|    fexp_32ns_32ns_32_18_full_dsp_1_U2   | 7   |        | tmp       | fexp  | fulldsp | 17      |
|    fadd_32ns_32ns_32_8_no_dsp_1_U1      |     |        | sum_1     | fadd  | fabric  | 7       |
|  + softmax_top_Pipeline_VITIS_LOOP_30_2 | 0   |        |           |       |         |         |
|    fdiv_32ns_32ns_32_29_no_dsp_1_U12    |     |        | div       | fdiv  | fabric  | 28      |
|    fdiv_32ns_32ns_32_29_no_dsp_1_U13    |     |        | div_1     | fdiv  | fabric  | 28      |
|    fdiv_32ns_32ns_32_29_no_dsp_1_U14    |     |        | div_2     | fdiv  | fabric  | 28      |
|    fdiv_32ns_32ns_32_29_no_dsp_1_U15    |     |        | div_3     | fdiv  | fabric  | 28      |
|    icmp_ln30_fu_302_p2                  |     |        | icmp_ln30 | seteq | auto    | 0       |
|    fdiv_32ns_32ns_32_29_no_dsp_1_U12    |     |        | div_4     | fdiv  | fabric  | 28      |
|    fdiv_32ns_32ns_32_29_no_dsp_1_U13    |     |        | div_5     | fdiv  | fabric  | 28      |
|    fdiv_32ns_32ns_32_29_no_dsp_1_U14    |     |        | div_6     | fdiv  | fabric  | 28      |
|    fdiv_32ns_32ns_32_29_no_dsp_1_U15    |     |        | div_7     | fdiv  | fabric  | 28      |
|    add_ln30_fu_324_p2                   |     |        | add_ln30  | add   | fabric  | 0       |
+-----------------------------------------+-----+--------+-----------+-------+---------+---------+


================================================================
== Storage Report
================================================================
+-------------------+--------------+-----------+------+------+--------+--------------+------+---------+------------------+
| Name              | Usage        | Type      | BRAM | URAM | Pragma | Variable     | Impl | Latency | Bitwidth, Depth, |
|                   |              |           |      |      |        |              |      |         | Banks            |
+-------------------+--------------+-----------+------+------+--------+--------------+------+---------+------------------+
| + softmax_top     |              |           | 24   | 0    |        |              |      |         |                  |
|   control_s_axi_U | interface    | s_axilite |      |      |        |              |      |         |                  |
|   gmem_m_axi_U    | interface    | m_axi     | 16   |      |        |              |      |         |                  |
|   exp_buffer_U    | ram_2p array |           | 2    |      | yes    | exp_buffer   | bram | 1       | 32, 25, 1        |
|   exp_buffer_1_U  | ram_2p array |           | 2    |      | yes    | exp_buffer_1 | bram | 1       | 32, 25, 1        |
|   exp_buffer_2_U  | ram_2p array |           | 2    |      | yes    | exp_buffer_2 | bram | 1       | 32, 25, 1        |
|   exp_buffer_3_U  | ram_2p array |           | 2    |      | yes    | exp_buffer_3 | bram | 1       | 32, 25, 1        |
+-------------------+--------------+-----------+------+------+--------+--------------+------+---------+------------------+


================================================================
== Pragma Report
================================================================
* Pragmas with Warnings
+------------+---------------------------------+-------------------------------+-----------------------------------------------------------------------+
| Type       | Options                         | Location                      | Messages                                                              |
+------------+---------------------------------+-------------------------------+-----------------------------------------------------------------------+
| allocation | function instances=expf limit=8 | softmax.cpp:24 in softmax_top | Ignoring ALLOCATION pragma, because the corresponding call is removed |
+------------+---------------------------------+-------------------------------+-----------------------------------------------------------------------+

* Valid Pragma Syntax
+-----------------+-------------------------------------------+-------------------------------------------+
| Type            | Options                                   | Location                                  |
+-----------------+-------------------------------------------+-------------------------------------------+
| interface       | m_axi port=in offset=slave bundle=gmem    | softmax.cpp:8 in softmax_top, in          |
| interface       | m_axi port=out offset=slave bundle=gmem   | softmax.cpp:9 in softmax_top, out         |
| interface       | s_axilite port=in                         | softmax.cpp:11 in softmax_top, in         |
| interface       | s_axilite port=out                        | softmax.cpp:12 in softmax_top, out        |
| interface       | s_axilite port=return                     | softmax.cpp:13 in softmax_top, return     |
| array_partition | variable=exp_buffer cyclic factor=4 dim=1 | softmax.cpp:18 in softmax_top, exp_buffer |
| bind_storage    | variable=exp_buffer type=ram_2p impl=bram | softmax.cpp:19 in softmax_top, exp_buffer |
| pipeline        | II=1                                      | softmax.cpp:23 in softmax_top             |
| pipeline        | II=1                                      | softmax.cpp:31 in softmax_top             |
| unroll          | factor=8                                  | softmax.cpp:32 in softmax_top             |
+-----------------+-------------------------------------------+-------------------------------------------+


