================================================================
== Design Size Report
================================================================

* Total Instructions per Compilation Phase
+---------------+-----------------------------+--------------+----------------------------------------------------------------------------------------+
| Phase         | Step                        | Instructions | Description                                                                            |
+---------------+-----------------------------+--------------+----------------------------------------------------------------------------------------+
| Compile/Link  |                             |  55          | After all functions are compiled and linked into a single design                       |
|               |                             |              |                                                                                        |
| Unroll/Inline |                             |              | After user unroll and inline pragmas are applied                                       |
|               | (1) unroll                  |  41          | user unroll pragmas are applied                                                        |
|               | (2) simplification          |  34          | simplification of applied user unroll pragmas                                          |
|               | (3) inline                  |  33          | user inline pragmas are applied                                                        |
|               | (4) simplification          |  33          | simplification of applied user inline pragmas                                          |
|               |                             |              |                                                                                        |
| Array/Struct  |                             |              | After user array partition and struct aggregate/disaggregate pragmas are applied       |
|               | (1) array partition         |  76          | user array partition pragmas are applied                                               |
|               | (2) simplification          |  74          | simplification of applied user array partition & struct aggregate/disaggregate pragmas |
|               | (3) aggregate/disaggregate  |  74          | user struct aggregate/disaggregate pragmas are applied                                 |
|               | (4) array reshape           |  74          | apply array reshape pragmas                                                            |
|               | (5) access patterns         | 260          | array access pattern optmizations                                                      |
|               |                             |              |                                                                                        |
| Performance   |                             |              | After transformations are applied to meet performance pragma targets                   |
|               | (1) loop simplification     | 144          | loop and instruction simplification                                                    |
|               | (2) parallelization         | 136          | loops are unrolled or pipelined to meet performance targets                            |
|               | (3) array partition         | 136          | arrays are partitioned to meet performance targets                                     |
|               | (4) simplification          | 136          | simplification of design after performance transformations                             |
|               |                             |              |                                                                                        |
| HW Transforms |                             |              | After hardware transfomations                                                          |
|               | (1) lowering                | 139          | initial conversion to HW specific instructions                                         |
|               | (2) optimizations           | 142          | high level synthesis optimizations                                                     |
+---------------+-----------------------------+--------------+----------------------------------------------------------------------------------------+

* Instructions per Function for each Compilation Phase
+---------------+----------------------+--------------+---------------+--------------+-------------+---------------+
| Function      | Location             | Compile/Link | Unroll/Inline | Array/Struct | Performance | HW Transforms |
+---------------+----------------------+--------------+---------------+--------------+-------------+---------------+
| + softmax_top | softmax.cpp:6        | 55           | 33            | 260          | 136         | 142           |
|  + expf       | expfloat.cpp:20      |  4           |               |              |             |               |
|     exp       | hls_exp_float.cpp:15 |  2           |               |              |             |               |
+---------------+----------------------+--------------+---------------+--------------+-------------+---------------+

* Design Size Message Settings
+---------------------------------------------+--------+------------------------------------------------------------------+
| Message Setting                             | Value  | Description                                                      |
+---------------------------------------------+--------+------------------------------------------------------------------+
| config_compile -design_size_maximum_warning | 100000 | Show a warning when total design instructions exceeds this value |
+---------------------------------------------+--------+------------------------------------------------------------------+


